[24-Apr-2023 07:22:14 Europe/Dublin] PHP Fatal error:  Uncaught InvalidArgumentException: JAN13 barcode content length given to barcode must be in range 12-13, but 11 was given. in C:\Users\reza\Documents\GitHub\inbentory_cli\html\inventory_1\escpos\src\Mike42\Escpos\Printer.php:1181
Stack trace:
#0 C:\Users\reza\Documents\GitHub\inbentory_cli\html\inventory_1\escpos\src\Mike42\Escpos\Printer.php(1147): Mike42\Escpos\Printer::validateIntegerMulti()
#1 C:\Users\reza\Documents\GitHub\inbentory_cli\html\inventory_1\escpos\src\Mike42\Escpos\Printer.php(405): Mike42\Escpos\Printer::validateInteger()
#2 C:\Users\reza\Documents\GitHub\inbentory_cli\html\inventory_1\backend\includes\print.php(241): Mike42\Escpos\Printer->barcode()
#3 C:\Users\reza\Documents\GitHub\inbentory_cli\html\inventory_1\backend\process\ajax_tools.php(171): printbill()
#4 {main}
  thrown in C:\Users\reza\Documents\GitHub\inbentory_cli\html\inventory_1\escpos\src\Mike42\Escpos\Printer.php on line 1181
[24-Apr-2023 06:33:48 UTC] PHP Warning:  PHP Startup: Unable to load dynamic library 'php_pdo_sqlsrv_7_nts_x64.dll' (tried: C:\Program Files\php\php-7.4.33\ext\php_pdo_sqlsrv_7_nts_x64.dll (The specified procedure could not be found.), C:\Program Files\php\php-7.4.33\ext\php_php_pdo_sqlsrv_7_nts_x64.dll.dll (The specified module could not be found.)) in Unknown on line 0
[24-Apr-2023 06:33:48 UTC] PHP Warning:  PHP Startup: Unable to load dynamic library 'php_pdo_sqlsrv_7_nts_x86.dll' (tried: C:\Program Files\php\php-7.4.33\ext\php_pdo_sqlsrv_7_nts_x86.dll (%1 is not a valid Win32 application.), C:\Program Files\php\php-7.4.33\ext\php_php_pdo_sqlsrv_7_nts_x86.dll.dll (The specified module could not be found.)) in Unknown on line 0
[24-Apr-2023 06:33:48 UTC] PHP Warning:  PHP Startup: Unable to load dynamic library 'php_pdo_sqlsrv_7_ts_x64.dll' (tried: C:\Program Files\php\php-7.4.33\ext\php_pdo_sqlsrv_7_ts_x64.dll (The specified module could not be found.), C:\Program Files\php\php-7.4.33\ext\php_php_pdo_sqlsrv_7_ts_x64.dll.dll (The specified module could not be found.)) in Unknown on line 0
[24-Apr-2023 06:33:49 UTC] PHP Warning:  PHP Startup: Unable to load dynamic library 'php_pdo_sqlsrv_7_ts_x86.dll' (tried: C:\Program Files\php\php-7.4.33\ext\php_pdo_sqlsrv_7_ts_x86.dll (%1 is not a valid Win32 application.), C:\Program Files\php\php-7.4.33\ext\php_php_pdo_sqlsrv_7_ts_x86.dll.dll (The specified module could not be found.)) in Unknown on line 0
[24-Apr-2023 06:33:49 UTC] PHP Warning:  PHP Startup: Unable to load dynamic library 'php_sqlsrv_7_nts_x64.dll' (tried: C:\Program Files\php\php-7.4.33\ext\php_sqlsrv_7_nts_x64.dll (The specified procedure could not be found.), C:\Program Files\php\php-7.4.33\ext\php_php_sqlsrv_7_nts_x64.dll.dll (The specified module could not be found.)) in Unknown on line 0
[24-Apr-2023 06:33:49 UTC] PHP Warning:  PHP Startup: Unable to load dynamic library 'php_sqlsrv_7_nts_x86.dll' (tried: C:\Program Files\php\php-7.4.33\ext\php_sqlsrv_7_nts_x86.dll (%1 is not a valid Win32 application.), C:\Program Files\php\php-7.4.33\ext\php_php_sqlsrv_7_nts_x86.dll.dll (The specified module could not be found.)) in Unknown on line 0
[24-Apr-2023 06:33:49 UTC] PHP Warning:  PHP Startup: Unable to load dynamic library 'php_sqlsrv_7_ts_x64.dll' (tried: C:\Program Files\php\php-7.4.33\ext\php_sqlsrv_7_ts_x64.dll (The specified module could not be found.), C:\Program Files\php\php-7.4.33\ext\php_php_sqlsrv_7_ts_x64.dll.dll (The specified module could not be found.)) in Unknown on line 0
[24-Apr-2023 06:33:49 UTC] PHP Warning:  PHP Startup: Unable to load dynamic library 'php_sqlsrv_7_ts_x86.dll' (tried: C:\Program Files\php\php-7.4.33\ext\php_sqlsrv_7_ts_x86.dll (%1 is not a valid Win32 application.), C:\Program Files\php\php-7.4.33\ext\php_php_sqlsrv_7_ts_x86.dll.dll (The specified module could not be found.)) in Unknown on line 0
[24-Apr-2023 07:33:49 Europe/Dublin] PHP Deprecated:  Directive 'track_errors' is deprecated in Unknown on line 0
[24-Apr-2023 07:34:48 Europe/Dublin] PHP Fatal error:  Uncaught Error: Function name must be a string in C:\Users\reza\Documents\GitHub\inbentory_cli\html\inventory_1\backend\includes\classes\Billing.php:83
Stack trace:
#0 C:\Users\reza\Documents\GitHub\inbentory_cli\html\inventory_1\backend\process\form-processing\billing.php(103): billing\Billing->AddToBill()
#1 {main}
  thrown in C:\Users\reza\Documents\GitHub\inbentory_cli\html\inventory_1\backend\includes\classes\Billing.php on line 83
[24-Apr-2023 07:35:22 Europe/Dublin] PHP Fatal error:  Uncaught Error: Function name must be a string in C:\Users\reza\Documents\GitHub\inbentory_cli\html\inventory_1\backend\includes\classes\Billing.php:83
Stack trace:
#0 C:\Users\reza\Documents\GitHub\inbentory_cli\html\inventory_1\backend\process\form-processing\billing.php(103): billing\Billing->AddToBill()
#1 {main}
  thrown in C:\Users\reza\Documents\GitHub\inbentory_cli\html\inventory_1\backend\includes\classes\Billing.php on line 83
[24-Apr-2023 07:36:09 Europe/Dublin] PHP Fatal error:  Uncaught Error: Function name must be a string in C:\Users\reza\Documents\GitHub\inbentory_cli\html\inventory_1\backend\includes\classes\Billing.php:83
Stack trace:
#0 C:\Users\reza\Documents\GitHub\inbentory_cli\html\inventory_1\backend\process\form-processing\billing.php(103): billing\Billing->AddToBill()
#1 {main}
  thrown in C:\Users\reza\Documents\GitHub\inbentory_cli\html\inventory_1\backend\includes\classes\Billing.php on line 83
[24-Apr-2023 06:43:47 UTC] PHP Warning:  PHP Startup: Unable to load dynamic library 'php_pdo_sqlsrv_7_nts_x64.dll' (tried: C:\Program Files\php\php-7.4.33\ext\php_pdo_sqlsrv_7_nts_x64.dll (The specified procedure could not be found.), C:\Program Files\php\php-7.4.33\ext\php_php_pdo_sqlsrv_7_nts_x64.dll.dll (The specified module could not be found.)) in Unknown on line 0
[24-Apr-2023 06:43:47 UTC] PHP Warning:  PHP Startup: Unable to load dynamic library 'php_pdo_sqlsrv_7_nts_x86.dll' (tried: C:\Program Files\php\php-7.4.33\ext\php_pdo_sqlsrv_7_nts_x86.dll (%1 is not a valid Win32 application.), C:\Program Files\php\php-7.4.33\ext\php_php_pdo_sqlsrv_7_nts_x86.dll.dll (The specified module could not be found.)) in Unknown on line 0
[24-Apr-2023 06:43:47 UTC] PHP Warning:  PHP Startup: Unable to load dynamic library 'php_pdo_sqlsrv_7_ts_x64.dll' (tried: C:\Program Files\php\php-7.4.33\ext\php_pdo_sqlsrv_7_ts_x64.dll (The specified module could not be found.), C:\Program Files\php\php-7.4.33\ext\php_php_pdo_sqlsrv_7_ts_x64.dll.dll (The specified module could not be found.)) in Unknown on line 0
[24-Apr-2023 06:43:47 UTC] PHP Warning:  PHP Startup: Unable to load dynamic library 'php_pdo_sqlsrv_7_ts_x86.dll' (tried: C:\Program Files\php\php-7.4.33\ext\php_pdo_sqlsrv_7_ts_x86.dll (%1 is not a valid Win32 application.), C:\Program Files\php\php-7.4.33\ext\php_php_pdo_sqlsrv_7_ts_x86.dll.dll (The specified module could not be found.)) in Unknown on line 0
[24-Apr-2023 06:43:47 UTC] PHP Warning:  PHP Startup: Unable to load dynamic library 'php_sqlsrv_7_nts_x64.dll' (tried: C:\Program Files\php\php-7.4.33\ext\php_sqlsrv_7_nts_x64.dll (The specified procedure could not be found.), C:\Program Files\php\php-7.4.33\ext\php_php_sqlsrv_7_nts_x64.dll.dll (The specified module could not be found.)) in Unknown on line 0
[24-Apr-2023 06:43:47 UTC] PHP Warning:  PHP Startup: Unable to load dynamic library 'php_sqlsrv_7_nts_x86.dll' (tried: C:\Program Files\php\php-7.4.33\ext\php_sqlsrv_7_nts_x86.dll (%1 is not a valid Win32 application.), C:\Program Files\php\php-7.4.33\ext\php_php_sqlsrv_7_nts_x86.dll.dll (The specified module could not be found.)) in Unknown on line 0
[24-Apr-2023 06:43:47 UTC] PHP Warning:  PHP Startup: Unable to load dynamic library 'php_sqlsrv_7_ts_x64.dll' (tried: C:\Program Files\php\php-7.4.33\ext\php_sqlsrv_7_ts_x64.dll (The specified module could not be found.), C:\Program Files\php\php-7.4.33\ext\php_php_sqlsrv_7_ts_x64.dll.dll (The specified module could not be found.)) in Unknown on line 0
[24-Apr-2023 06:43:47 UTC] PHP Warning:  PHP Startup: Unable to load dynamic library 'php_sqlsrv_7_ts_x86.dll' (tried: C:\Program Files\php\php-7.4.33\ext\php_sqlsrv_7_ts_x86.dll (%1 is not a valid Win32 application.), C:\Program Files\php\php-7.4.33\ext\php_php_sqlsrv_7_ts_x86.dll.dll (The specified module could not be found.)) in Unknown on line 0
[24-Apr-2023 07:43:47 Europe/Dublin] PHP Deprecated:  Directive 'track_errors' is deprecated in Unknown on line 0
[24-Apr-2023 06:43:51 UTC] PHP Warning:  PHP Startup: Unable to load dynamic library 'php_pdo_sqlsrv_7_nts_x64.dll' (tried: C:\Program Files\php\php-7.4.33\ext\php_pdo_sqlsrv_7_nts_x64.dll (The specified procedure could not be found.), C:\Program Files\php\php-7.4.33\ext\php_php_pdo_sqlsrv_7_nts_x64.dll.dll (The specified module could not be found.)) in Unknown on line 0
[24-Apr-2023 06:43:51 UTC] PHP Warning:  PHP Startup: Unable to load dynamic library 'php_pdo_sqlsrv_7_nts_x86.dll' (tried: C:\Program Files\php\php-7.4.33\ext\php_pdo_sqlsrv_7_nts_x86.dll (%1 is not a valid Win32 application.), C:\Program Files\php\php-7.4.33\ext\php_php_pdo_sqlsrv_7_nts_x86.dll.dll (The specified module could not be found.)) in Unknown on line 0
[24-Apr-2023 06:43:51 UTC] PHP Warning:  PHP Startup: Unable to load dynamic library 'php_pdo_sqlsrv_7_ts_x64.dll' (tried: C:\Program Files\php\php-7.4.33\ext\php_pdo_sqlsrv_7_ts_x64.dll (The specified module could not be found.), C:\Program Files\php\php-7.4.33\ext\php_php_pdo_sqlsrv_7_ts_x64.dll.dll (The specified module could not be found.)) in Unknown on line 0
[24-Apr-2023 06:43:51 UTC] PHP Warning:  PHP Startup: Unable to load dynamic library 'php_pdo_sqlsrv_7_ts_x86.dll' (tried: C:\Program Files\php\php-7.4.33\ext\php_pdo_sqlsrv_7_ts_x86.dll (%1 is not a valid Win32 application.), C:\Program Files\php\php-7.4.33\ext\php_php_pdo_sqlsrv_7_ts_x86.dll.dll (The specified module could not be found.)) in Unknown on line 0
[24-Apr-2023 06:43:51 UTC] PHP Warning:  PHP Startup: Unable to load dynamic library 'php_sqlsrv_7_nts_x64.dll' (tried: C:\Program Files\php\php-7.4.33\ext\php_sqlsrv_7_nts_x64.dll (The specified procedure could not be found.), C:\Program Files\php\php-7.4.33\ext\php_php_sqlsrv_7_nts_x64.dll.dll (The specified module could not be found.)) in Unknown on line 0
[24-Apr-2023 06:43:51 UTC] PHP Warning:  PHP Startup: Unable to load dynamic library 'php_sqlsrv_7_nts_x86.dll' (tried: C:\Program Files\php\php-7.4.33\ext\php_sqlsrv_7_nts_x86.dll (%1 is not a valid Win32 application.), C:\Program Files\php\php-7.4.33\ext\php_php_sqlsrv_7_nts_x86.dll.dll (The specified module could not be found.)) in Unknown on line 0
[24-Apr-2023 06:43:51 UTC] PHP Warning:  PHP Startup: Unable to load dynamic library 'php_sqlsrv_7_ts_x64.dll' (tried: C:\Program Files\php\php-7.4.33\ext\php_sqlsrv_7_ts_x64.dll (The specified module could not be found.), C:\Program Files\php\php-7.4.33\ext\php_php_sqlsrv_7_ts_x64.dll.dll (The specified module could not be found.)) in Unknown on line 0
[24-Apr-2023 06:43:51 UTC] PHP Warning:  PHP Startup: Unable to load dynamic library 'php_sqlsrv_7_ts_x86.dll' (tried: C:\Program Files\php\php-7.4.33\ext\php_sqlsrv_7_ts_x86.dll (%1 is not a valid Win32 application.), C:\Program Files\php\php-7.4.33\ext\php_php_sqlsrv_7_ts_x86.dll.dll (The specified module could not be found.)) in Unknown on line 0
[24-Apr-2023 07:43:52 Europe/Dublin] PHP Deprecated:  Directive 'track_errors' is deprecated in Unknown on line 0
[24-Apr-2023 06:58:24 UTC] PHP Warning:  PHP Startup: Unable to load dynamic library 'php_pdo_sqlsrv_7_nts_x64.dll' (tried: C:\Program Files\php\php-7.4.33\ext\php_pdo_sqlsrv_7_nts_x64.dll (The specified procedure could not be found.), C:\Program Files\php\php-7.4.33\ext\php_php_pdo_sqlsrv_7_nts_x64.dll.dll (The specified module could not be found.)) in Unknown on line 0
[24-Apr-2023 06:58:24 UTC] PHP Warning:  PHP Startup: Unable to load dynamic library 'php_pdo_sqlsrv_7_nts_x86.dll' (tried: C:\Program Files\php\php-7.4.33\ext\php_pdo_sqlsrv_7_nts_x86.dll (%1 is not a valid Win32 application.), C:\Program Files\php\php-7.4.33\ext\php_php_pdo_sqlsrv_7_nts_x86.dll.dll (The specified module could not be found.)) in Unknown on line 0
[24-Apr-2023 06:58:24 UTC] PHP Warning:  PHP Startup: Unable to load dynamic library 'php_pdo_sqlsrv_7_ts_x64.dll' (tried: C:\Program Files\php\php-7.4.33\ext\php_pdo_sqlsrv_7_ts_x64.dll (The specified module could not be found.), C:\Program Files\php\php-7.4.33\ext\php_php_pdo_sqlsrv_7_ts_x64.dll.dll (The specified module could not be found.)) in Unknown on line 0
[24-Apr-2023 06:58:24 UTC] PHP Warning:  PHP Startup: Unable to load dynamic library 'php_pdo_sqlsrv_7_ts_x86.dll' (tried: C:\Program Files\php\php-7.4.33\ext\php_pdo_sqlsrv_7_ts_x86.dll (%1 is not a valid Win32 application.), C:\Program Files\php\php-7.4.33\ext\php_php_pdo_sqlsrv_7_ts_x86.dll.dll (The specified module could not be found.)) in Unknown on line 0
[24-Apr-2023 06:58:24 UTC] PHP Warning:  PHP Startup: Unable to load dynamic library 'php_sqlsrv_7_nts_x64.dll' (tried: C:\Program Files\php\php-7.4.33\ext\php_sqlsrv_7_nts_x64.dll (The specified procedure could not be found.), C:\Program Files\php\php-7.4.33\ext\php_php_sqlsrv_7_nts_x64.dll.dll (The specified module could not be found.)) in Unknown on line 0
[24-Apr-2023 06:58:24 UTC] PHP Warning:  PHP Startup: Unable to load dynamic library 'php_sqlsrv_7_nts_x86.dll' (tried: C:\Program Files\php\php-7.4.33\ext\php_sqlsrv_7_nts_x86.dll (%1 is not a valid Win32 application.), C:\Program Files\php\php-7.4.33\ext\php_php_sqlsrv_7_nts_x86.dll.dll (The specified module could not be found.)) in Unknown on line 0
[24-Apr-2023 06:58:24 UTC] PHP Warning:  PHP Startup: Unable to load dynamic library 'php_sqlsrv_7_ts_x64.dll' (tried: C:\Program Files\php\php-7.4.33\ext\php_sqlsrv_7_ts_x64.dll (The specified module could not be found.), C:\Program Files\php\php-7.4.33\ext\php_php_sqlsrv_7_ts_x64.dll.dll (The specified module could not be found.)) in Unknown on line 0
[24-Apr-2023 06:58:24 UTC] PHP Warning:  PHP Startup: Unable to load dynamic library 'php_sqlsrv_7_ts_x86.dll' (tried: C:\Program Files\php\php-7.4.33\ext\php_sqlsrv_7_ts_x86.dll (%1 is not a valid Win32 application.), C:\Program Files\php\php-7.4.33\ext\php_php_sqlsrv_7_ts_x86.dll.dll (The specified module could not be found.)) in Unknown on line 0
[24-Apr-2023 07:58:24 Europe/Dublin] PHP Deprecated:  Directive 'track_errors' is deprecated in Unknown on line 0
[24-Apr-2023 06:58:27 UTC] PHP Warning:  PHP Startup: Unable to load dynamic library 'php_pdo_sqlsrv_7_nts_x64.dll' (tried: C:\Program Files\php\php-7.4.33\ext\php_pdo_sqlsrv_7_nts_x64.dll (The specified procedure could not be found.), C:\Program Files\php\php-7.4.33\ext\php_php_pdo_sqlsrv_7_nts_x64.dll.dll (The specified module could not be found.)) in Unknown on line 0
[24-Apr-2023 06:58:27 UTC] PHP Warning:  PHP Startup: Unable to load dynamic library 'php_pdo_sqlsrv_7_nts_x86.dll' (tried: C:\Program Files\php\php-7.4.33\ext\php_pdo_sqlsrv_7_nts_x86.dll (%1 is not a valid Win32 application.), C:\Program Files\php\php-7.4.33\ext\php_php_pdo_sqlsrv_7_nts_x86.dll.dll (The specified module could not be found.)) in Unknown on line 0
[24-Apr-2023 06:58:27 UTC] PHP Warning:  PHP Startup: Unable to load dynamic library 'php_pdo_sqlsrv_7_ts_x64.dll' (tried: C:\Program Files\php\php-7.4.33\ext\php_pdo_sqlsrv_7_ts_x64.dll (The specified module could not be found.), C:\Program Files\php\php-7.4.33\ext\php_php_pdo_sqlsrv_7_ts_x64.dll.dll (The specified module could not be found.)) in Unknown on line 0
[24-Apr-2023 06:58:27 UTC] PHP Warning:  PHP Startup: Unable to load dynamic library 'php_pdo_sqlsrv_7_ts_x86.dll' (tried: C:\Program Files\php\php-7.4.33\ext\php_pdo_sqlsrv_7_ts_x86.dll (%1 is not a valid Win32 application.), C:\Program Files\php\php-7.4.33\ext\php_php_pdo_sqlsrv_7_ts_x86.dll.dll (The specified module could not be found.)) in Unknown on line 0
[24-Apr-2023 06:58:27 UTC] PHP Warning:  PHP Startup: Unable to load dynamic library 'php_sqlsrv_7_nts_x64.dll' (tried: C:\Program Files\php\php-7.4.33\ext\php_sqlsrv_7_nts_x64.dll (The specified procedure could not be found.), C:\Program Files\php\php-7.4.33\ext\php_php_sqlsrv_7_nts_x64.dll.dll (The specified module could not be found.)) in Unknown on line 0
[24-Apr-2023 06:58:27 UTC] PHP Warning:  PHP Startup: Unable to load dynamic library 'php_sqlsrv_7_nts_x86.dll' (tried: C:\Program Files\php\php-7.4.33\ext\php_sqlsrv_7_nts_x86.dll (%1 is not a valid Win32 application.), C:\Program Files\php\php-7.4.33\ext\php_php_sqlsrv_7_nts_x86.dll.dll (The specified module could not be found.)) in Unknown on line 0
[24-Apr-2023 06:58:27 UTC] PHP Warning:  PHP Startup: Unable to load dynamic library 'php_sqlsrv_7_ts_x64.dll' (tried: C:\Program Files\php\php-7.4.33\ext\php_sqlsrv_7_ts_x64.dll (The specified module could not be found.), C:\Program Files\php\php-7.4.33\ext\php_php_sqlsrv_7_ts_x64.dll.dll (The specified module could not be found.)) in Unknown on line 0
[24-Apr-2023 06:58:27 UTC] PHP Warning:  PHP Startup: Unable to load dynamic library 'php_sqlsrv_7_ts_x86.dll' (tried: C:\Program Files\php\php-7.4.33\ext\php_sqlsrv_7_ts_x86.dll (%1 is not a valid Win32 application.), C:\Program Files\php\php-7.4.33\ext\php_php_sqlsrv_7_ts_x86.dll.dll (The specified module could not be found.)) in Unknown on line 0
[24-Apr-2023 07:58:28 Europe/Dublin] PHP Deprecated:  Directive 'track_errors' is deprecated in Unknown on line 0
[24-Apr-2023 10:23:58 UTC] PHP Warning:  PHP Startup: Unable to load dynamic library 'php_pdo_sqlsrv_7_nts_x64.dll' (tried: C:\Program Files\php\php-7.4.33\ext\php_pdo_sqlsrv_7_nts_x64.dll (The specified procedure could not be found.), C:\Program Files\php\php-7.4.33\ext\php_php_pdo_sqlsrv_7_nts_x64.dll.dll (The specified module could not be found.)) in Unknown on line 0
[24-Apr-2023 10:23:58 UTC] PHP Warning:  PHP Startup: Unable to load dynamic library 'php_pdo_sqlsrv_7_nts_x86.dll' (tried: C:\Program Files\php\php-7.4.33\ext\php_pdo_sqlsrv_7_nts_x86.dll (%1 is not a valid Win32 application.), C:\Program Files\php\php-7.4.33\ext\php_php_pdo_sqlsrv_7_nts_x86.dll.dll (The specified module could not be found.)) in Unknown on line 0
[24-Apr-2023 10:23:58 UTC] PHP Warning:  PHP Startup: Unable to load dynamic library 'php_pdo_sqlsrv_7_ts_x64.dll' (tried: C:\Program Files\php\php-7.4.33\ext\php_pdo_sqlsrv_7_ts_x64.dll (The specified module could not be found.), C:\Program Files\php\php-7.4.33\ext\php_php_pdo_sqlsrv_7_ts_x64.dll.dll (The specified module could not be found.)) in Unknown on line 0
[24-Apr-2023 10:23:58 UTC] PHP Warning:  PHP Startup: Unable to load dynamic library 'php_pdo_sqlsrv_7_ts_x86.dll' (tried: C:\Program Files\php\php-7.4.33\ext\php_pdo_sqlsrv_7_ts_x86.dll (%1 is not a valid Win32 application.), C:\Program Files\php\php-7.4.33\ext\php_php_pdo_sqlsrv_7_ts_x86.dll.dll (The specified module could not be found.)) in Unknown on line 0
[24-Apr-2023 10:23:58 UTC] PHP Warning:  PHP Startup: Unable to load dynamic library 'php_sqlsrv_7_nts_x64.dll' (tried: C:\Program Files\php\php-7.4.33\ext\php_sqlsrv_7_nts_x64.dll (The specified procedure could not be found.), C:\Program Files\php\php-7.4.33\ext\php_php_sqlsrv_7_nts_x64.dll.dll (The specified module could not be found.)) in Unknown on line 0
[24-Apr-2023 10:23:58 UTC] PHP Warning:  PHP Startup: Unable to load dynamic library 'php_sqlsrv_7_nts_x86.dll' (tried: C:\Program Files\php\php-7.4.33\ext\php_sqlsrv_7_nts_x86.dll (%1 is not a valid Win32 application.), C:\Program Files\php\php-7.4.33\ext\php_php_sqlsrv_7_nts_x86.dll.dll (The specified module could not be found.)) in Unknown on line 0
[24-Apr-2023 10:23:58 UTC] PHP Warning:  PHP Startup: Unable to load dynamic library 'php_sqlsrv_7_ts_x64.dll' (tried: C:\Program Files\php\php-7.4.33\ext\php_sqlsrv_7_ts_x64.dll (The specified module could not be found.), C:\Program Files\php\php-7.4.33\ext\php_php_sqlsrv_7_ts_x64.dll.dll (The specified module could not be found.)) in Unknown on line 0
[24-Apr-2023 10:23:58 UTC] PHP Warning:  PHP Startup: Unable to load dynamic library 'php_sqlsrv_7_ts_x86.dll' (tried: C:\Program Files\php\php-7.4.33\ext\php_sqlsrv_7_ts_x86.dll (%1 is not a valid Win32 application.), C:\Program Files\php\php-7.4.33\ext\php_php_sqlsrv_7_ts_x86.dll.dll (The specified module could not be found.)) in Unknown on line 0
[24-Apr-2023 11:23:58 Europe/Dublin] PHP Deprecated:  Directive 'track_errors' is deprecated in Unknown on line 0
[24-Apr-2023 10:24:02 UTC] PHP Warning:  PHP Startup: Unable to load dynamic library 'php_pdo_sqlsrv_7_nts_x64.dll' (tried: C:\Program Files\php\php-7.4.33\ext\php_pdo_sqlsrv_7_nts_x64.dll (The specified procedure could not be found.), C:\Program Files\php\php-7.4.33\ext\php_php_pdo_sqlsrv_7_nts_x64.dll.dll (The specified module could not be found.)) in Unknown on line 0
[24-Apr-2023 10:24:02 UTC] PHP Warning:  PHP Startup: Unable to load dynamic library 'php_pdo_sqlsrv_7_nts_x86.dll' (tried: C:\Program Files\php\php-7.4.33\ext\php_pdo_sqlsrv_7_nts_x86.dll (%1 is not a valid Win32 application.), C:\Program Files\php\php-7.4.33\ext\php_php_pdo_sqlsrv_7_nts_x86.dll.dll (The specified module could not be found.)) in Unknown on line 0
[24-Apr-2023 10:24:03 UTC] PHP Warning:  PHP Startup: Unable to load dynamic library 'php_pdo_sqlsrv_7_ts_x64.dll' (tried: C:\Program Files\php\php-7.4.33\ext\php_pdo_sqlsrv_7_ts_x64.dll (The specified module could not be found.), C:\Program Files\php\php-7.4.33\ext\php_php_pdo_sqlsrv_7_ts_x64.dll.dll (The specified module could not be found.)) in Unknown on line 0
[24-Apr-2023 10:24:03 UTC] PHP Warning:  PHP Startup: Unable to load dynamic library 'php_pdo_sqlsrv_7_ts_x86.dll' (tried: C:\Program Files\php\php-7.4.33\ext\php_pdo_sqlsrv_7_ts_x86.dll (%1 is not a valid Win32 application.), C:\Program Files\php\php-7.4.33\ext\php_php_pdo_sqlsrv_7_ts_x86.dll.dll (The specified module could not be found.)) in Unknown on line 0
[24-Apr-2023 10:24:03 UTC] PHP Warning:  PHP Startup: Unable to load dynamic library 'php_sqlsrv_7_nts_x64.dll' (tried: C:\Program Files\php\php-7.4.33\ext\php_sqlsrv_7_nts_x64.dll (The specified procedure could not be found.), C:\Program Files\php\php-7.4.33\ext\php_php_sqlsrv_7_nts_x64.dll.dll (The specified module could not be found.)) in Unknown on line 0
[24-Apr-2023 10:24:03 UTC] PHP Warning:  PHP Startup: Unable to load dynamic library 'php_sqlsrv_7_nts_x86.dll' (tried: C:\Program Files\php\php-7.4.33\ext\php_sqlsrv_7_nts_x86.dll (%1 is not a valid Win32 application.), C:\Program Files\php\php-7.4.33\ext\php_php_sqlsrv_7_nts_x86.dll.dll (The specified module could not be found.)) in Unknown on line 0
[24-Apr-2023 10:24:03 UTC] PHP Warning:  PHP Startup: Unable to load dynamic library 'php_sqlsrv_7_ts_x64.dll' (tried: C:\Program Files\php\php-7.4.33\ext\php_sqlsrv_7_ts_x64.dll (The specified module could not be found.), C:\Program Files\php\php-7.4.33\ext\php_php_sqlsrv_7_ts_x64.dll.dll (The specified module could not be found.)) in Unknown on line 0
[24-Apr-2023 10:24:03 UTC] PHP Warning:  PHP Startup: Unable to load dynamic library 'php_sqlsrv_7_ts_x86.dll' (tried: C:\Program Files\php\php-7.4.33\ext\php_sqlsrv_7_ts_x86.dll (%1 is not a valid Win32 application.), C:\Program Files\php\php-7.4.33\ext\php_php_sqlsrv_7_ts_x86.dll.dll (The specified module could not be found.)) in Unknown on line 0
[24-Apr-2023 11:24:03 Europe/Dublin] PHP Deprecated:  Directive 'track_errors' is deprecated in Unknown on line 0
[24-Apr-2023 10:34:32 UTC] PHP Warning:  PHP Startup: Unable to load dynamic library 'php_pdo_sqlsrv_7_nts_x64.dll' (tried: C:\Program Files\php\php-7.4.33\ext\php_pdo_sqlsrv_7_nts_x64.dll (The specified procedure could not be found.), C:\Program Files\php\php-7.4.33\ext\php_php_pdo_sqlsrv_7_nts_x64.dll.dll (The specified module could not be found.)) in Unknown on line 0
[24-Apr-2023 10:34:32 UTC] PHP Warning:  PHP Startup: Unable to load dynamic library 'php_pdo_sqlsrv_7_nts_x86.dll' (tried: C:\Program Files\php\php-7.4.33\ext\php_pdo_sqlsrv_7_nts_x86.dll (%1 is not a valid Win32 application.), C:\Program Files\php\php-7.4.33\ext\php_php_pdo_sqlsrv_7_nts_x86.dll.dll (The specified module could not be found.)) in Unknown on line 0
[24-Apr-2023 10:34:32 UTC] PHP Warning:  PHP Startup: Unable to load dynamic library 'php_pdo_sqlsrv_7_ts_x64.dll' (tried: C:\Program Files\php\php-7.4.33\ext\php_pdo_sqlsrv_7_ts_x64.dll (The specified module could not be found.), C:\Program Files\php\php-7.4.33\ext\php_php_pdo_sqlsrv_7_ts_x64.dll.dll (The specified module could not be found.)) in Unknown on line 0
[24-Apr-2023 10:34:32 UTC] PHP Warning:  PHP Startup: Unable to load dynamic library 'php_pdo_sqlsrv_7_ts_x86.dll' (tried: C:\Program Files\php\php-7.4.33\ext\php_pdo_sqlsrv_7_ts_x86.dll (%1 is not a valid Win32 application.), C:\Program Files\php\php-7.4.33\ext\php_php_pdo_sqlsrv_7_ts_x86.dll.dll (The specified module could not be found.)) in Unknown on line 0
[24-Apr-2023 10:34:32 UTC] PHP Warning:  PHP Startup: Unable to load dynamic library 'php_sqlsrv_7_nts_x64.dll' (tried: C:\Program Files\php\php-7.4.33\ext\php_sqlsrv_7_nts_x64.dll (The specified procedure could not be found.), C:\Program Files\php\php-7.4.33\ext\php_php_sqlsrv_7_nts_x64.dll.dll (The specified module could not be found.)) in Unknown on line 0
[24-Apr-2023 10:34:32 UTC] PHP Warning:  PHP Startup: Unable to load dynamic library 'php_sqlsrv_7_nts_x86.dll' (tried: C:\Program Files\php\php-7.4.33\ext\php_sqlsrv_7_nts_x86.dll (%1 is not a valid Win32 application.), C:\Program Files\php\php-7.4.33\ext\php_php_sqlsrv_7_nts_x86.dll.dll (The specified module could not be found.)) in Unknown on line 0
[24-Apr-2023 10:34:32 UTC] PHP Warning:  PHP Startup: Unable to load dynamic library 'php_sqlsrv_7_ts_x64.dll' (tried: C:\Program Files\php\php-7.4.33\ext\php_sqlsrv_7_ts_x64.dll (The specified module could not be found.), C:\Program Files\php\php-7.4.33\ext\php_php_sqlsrv_7_ts_x64.dll.dll (The specified module could not be found.)) in Unknown on line 0
[24-Apr-2023 10:34:32 UTC] PHP Warning:  PHP Startup: Unable to load dynamic library 'php_sqlsrv_7_ts_x86.dll' (tried: C:\Program Files\php\php-7.4.33\ext\php_sqlsrv_7_ts_x86.dll (%1 is not a valid Win32 application.), C:\Program Files\php\php-7.4.33\ext\php_php_sqlsrv_7_ts_x86.dll.dll (The specified module could not be found.)) in Unknown on line 0
[24-Apr-2023 11:34:32 Europe/Dublin] PHP Deprecated:  Directive 'track_errors' is deprecated in Unknown on line 0
[24-Apr-2023 10:34:34 UTC] PHP Warning:  PHP Startup: Unable to load dynamic library 'php_pdo_sqlsrv_7_nts_x64.dll' (tried: C:\Program Files\php\php-7.4.33\ext\php_pdo_sqlsrv_7_nts_x64.dll (The specified procedure could not be found.), C:\Program Files\php\php-7.4.33\ext\php_php_pdo_sqlsrv_7_nts_x64.dll.dll (The specified module could not be found.)) in Unknown on line 0
[24-Apr-2023 10:34:34 UTC] PHP Warning:  PHP Startup: Unable to load dynamic library 'php_pdo_sqlsrv_7_nts_x86.dll' (tried: C:\Program Files\php\php-7.4.33\ext\php_pdo_sqlsrv_7_nts_x86.dll (%1 is not a valid Win32 application.), C:\Program Files\php\php-7.4.33\ext\php_php_pdo_sqlsrv_7_nts_x86.dll.dll (The specified module could not be found.)) in Unknown on line 0
[24-Apr-2023 10:34:34 UTC] PHP Warning:  PHP Startup: Unable to load dynamic library 'php_pdo_sqlsrv_7_ts_x64.dll' (tried: C:\Program Files\php\php-7.4.33\ext\php_pdo_sqlsrv_7_ts_x64.dll (The specified module could not be found.), C:\Program Files\php\php-7.4.33\ext\php_php_pdo_sqlsrv_7_ts_x64.dll.dll (The specified module could not be found.)) in Unknown on line 0
[24-Apr-2023 10:34:34 UTC] PHP Warning:  PHP Startup: Unable to load dynamic library 'php_pdo_sqlsrv_7_ts_x86.dll' (tried: C:\Program Files\php\php-7.4.33\ext\php_pdo_sqlsrv_7_ts_x86.dll (%1 is not a valid Win32 application.), C:\Program Files\php\php-7.4.33\ext\php_php_pdo_sqlsrv_7_ts_x86.dll.dll (The specified module could not be found.)) in Unknown on line 0
[24-Apr-2023 10:34:34 UTC] PHP Warning:  PHP Startup: Unable to load dynamic library 'php_sqlsrv_7_nts_x64.dll' (tried: C:\Program Files\php\php-7.4.33\ext\php_sqlsrv_7_nts_x64.dll (The specified procedure could not be found.), C:\Program Files\php\php-7.4.33\ext\php_php_sqlsrv_7_nts_x64.dll.dll (The specified module could not be found.)) in Unknown on line 0
[24-Apr-2023 10:34:34 UTC] PHP Warning:  PHP Startup: Unable to load dynamic library 'php_sqlsrv_7_nts_x86.dll' (tried: C:\Program Files\php\php-7.4.33\ext\php_sqlsrv_7_nts_x86.dll (%1 is not a valid Win32 application.), C:\Program Files\php\php-7.4.33\ext\php_php_sqlsrv_7_nts_x86.dll.dll (The specified module could not be found.)) in Unknown on line 0
[24-Apr-2023 10:34:34 UTC] PHP Warning:  PHP Startup: Unable to load dynamic library 'php_sqlsrv_7_ts_x64.dll' (tried: C:\Program Files\php\php-7.4.33\ext\php_sqlsrv_7_ts_x64.dll (The specified module could not be found.), C:\Program Files\php\php-7.4.33\ext\php_php_sqlsrv_7_ts_x64.dll.dll (The specified module could not be found.)) in Unknown on line 0
[24-Apr-2023 10:34:34 UTC] PHP Warning:  PHP Startup: Unable to load dynamic library 'php_sqlsrv_7_ts_x86.dll' (tried: C:\Program Files\php\php-7.4.33\ext\php_sqlsrv_7_ts_x86.dll (%1 is not a valid Win32 application.), C:\Program Files\php\php-7.4.33\ext\php_php_sqlsrv_7_ts_x86.dll.dll (The specified module could not be found.)) in Unknown on line 0
[24-Apr-2023 11:34:34 Europe/Dublin] PHP Deprecated:  Directive 'track_errors' is deprecated in Unknown on line 0
[24-Apr-2023 17:01:57 UTC] PHP Warning:  PHP Startup: Unable to load dynamic library 'php_pdo_sqlsrv_7_nts_x64.dll' (tried: C:\Program Files\php\php-7.4.33\ext\php_pdo_sqlsrv_7_nts_x64.dll (The specified procedure could not be found.), C:\Program Files\php\php-7.4.33\ext\php_php_pdo_sqlsrv_7_nts_x64.dll.dll (The specified module could not be found.)) in Unknown on line 0
[24-Apr-2023 17:01:57 UTC] PHP Warning:  PHP Startup: Unable to load dynamic library 'php_pdo_sqlsrv_7_nts_x86.dll' (tried: C:\Program Files\php\php-7.4.33\ext\php_pdo_sqlsrv_7_nts_x86.dll (%1 is not a valid Win32 application.), C:\Program Files\php\php-7.4.33\ext\php_php_pdo_sqlsrv_7_nts_x86.dll.dll (The specified module could not be found.)) in Unknown on line 0
[24-Apr-2023 17:01:57 UTC] PHP Warning:  PHP Startup: Unable to load dynamic library 'php_pdo_sqlsrv_7_ts_x64.dll' (tried: C:\Program Files\php\php-7.4.33\ext\php_pdo_sqlsrv_7_ts_x64.dll (The specified module could not be found.), C:\Program Files\php\php-7.4.33\ext\php_php_pdo_sqlsrv_7_ts_x64.dll.dll (The specified module could not be found.)) in Unknown on line 0
[24-Apr-2023 17:01:57 UTC] PHP Warning:  PHP Startup: Unable to load dynamic library 'php_pdo_sqlsrv_7_ts_x86.dll' (tried: C:\Program Files\php\php-7.4.33\ext\php_pdo_sqlsrv_7_ts_x86.dll (%1 is not a valid Win32 application.), C:\Program Files\php\php-7.4.33\ext\php_php_pdo_sqlsrv_7_ts_x86.dll.dll (The specified module could not be found.)) in Unknown on line 0
[24-Apr-2023 17:01:57 UTC] PHP Warning:  PHP Startup: Unable to load dynamic library 'php_sqlsrv_7_nts_x64.dll' (tried: C:\Program Files\php\php-7.4.33\ext\php_sqlsrv_7_nts_x64.dll (The specified procedure could not be found.), C:\Program Files\php\php-7.4.33\ext\php_php_sqlsrv_7_nts_x64.dll.dll (The specified module could not be found.)) in Unknown on line 0
[24-Apr-2023 17:01:57 UTC] PHP Warning:  PHP Startup: Unable to load dynamic library 'php_sqlsrv_7_nts_x86.dll' (tried: C:\Program Files\php\php-7.4.33\ext\php_sqlsrv_7_nts_x86.dll (%1 is not a valid Win32 application.), C:\Program Files\php\php-7.4.33\ext\php_php_sqlsrv_7_nts_x86.dll.dll (The specified module could not be found.)) in Unknown on line 0
[24-Apr-2023 17:01:57 UTC] PHP Warning:  PHP Startup: Unable to load dynamic library 'php_sqlsrv_7_ts_x64.dll' (tried: C:\Program Files\php\php-7.4.33\ext\php_sqlsrv_7_ts_x64.dll (The specified module could not be found.), C:\Program Files\php\php-7.4.33\ext\php_php_sqlsrv_7_ts_x64.dll.dll (The specified module could not be found.)) in Unknown on line 0
[24-Apr-2023 17:01:57 UTC] PHP Warning:  PHP Startup: Unable to load dynamic library 'php_sqlsrv_7_ts_x86.dll' (tried: C:\Program Files\php\php-7.4.33\ext\php_sqlsrv_7_ts_x86.dll (%1 is not a valid Win32 application.), C:\Program Files\php\php-7.4.33\ext\php_php_sqlsrv_7_ts_x86.dll.dll (The specified module could not be found.)) in Unknown on line 0
[24-Apr-2023 18:01:57 Europe/Dublin] PHP Deprecated:  Directive 'track_errors' is deprecated in Unknown on line 0
[24-Apr-2023 17:02:02 UTC] PHP Warning:  PHP Startup: Unable to load dynamic library 'php_pdo_sqlsrv_7_nts_x64.dll' (tried: C:\Program Files\php\php-7.4.33\ext\php_pdo_sqlsrv_7_nts_x64.dll (The specified procedure could not be found.), C:\Program Files\php\php-7.4.33\ext\php_php_pdo_sqlsrv_7_nts_x64.dll.dll (The specified module could not be found.)) in Unknown on line 0
[24-Apr-2023 17:02:02 UTC] PHP Warning:  PHP Startup: Unable to load dynamic library 'php_pdo_sqlsrv_7_nts_x86.dll' (tried: C:\Program Files\php\php-7.4.33\ext\php_pdo_sqlsrv_7_nts_x86.dll (%1 is not a valid Win32 application.), C:\Program Files\php\php-7.4.33\ext\php_php_pdo_sqlsrv_7_nts_x86.dll.dll (The specified module could not be found.)) in Unknown on line 0
[24-Apr-2023 17:02:02 UTC] PHP Warning:  PHP Startup: Unable to load dynamic library 'php_pdo_sqlsrv_7_ts_x64.dll' (tried: C:\Program Files\php\php-7.4.33\ext\php_pdo_sqlsrv_7_ts_x64.dll (The specified module could not be found.), C:\Program Files\php\php-7.4.33\ext\php_php_pdo_sqlsrv_7_ts_x64.dll.dll (The specified module could not be found.)) in Unknown on line 0
[24-Apr-2023 17:02:02 UTC] PHP Warning:  PHP Startup: Unable to load dynamic library 'php_pdo_sqlsrv_7_ts_x86.dll' (tried: C:\Program Files\php\php-7.4.33\ext\php_pdo_sqlsrv_7_ts_x86.dll (%1 is not a valid Win32 application.), C:\Program Files\php\php-7.4.33\ext\php_php_pdo_sqlsrv_7_ts_x86.dll.dll (The specified module could not be found.)) in Unknown on line 0
[24-Apr-2023 17:02:02 UTC] PHP Warning:  PHP Startup: Unable to load dynamic library 'php_sqlsrv_7_nts_x64.dll' (tried: C:\Program Files\php\php-7.4.33\ext\php_sqlsrv_7_nts_x64.dll (The specified procedure could not be found.), C:\Program Files\php\php-7.4.33\ext\php_php_sqlsrv_7_nts_x64.dll.dll (The specified module could not be found.)) in Unknown on line 0
[24-Apr-2023 17:02:02 UTC] PHP Warning:  PHP Startup: Unable to load dynamic library 'php_sqlsrv_7_nts_x86.dll' (tried: C:\Program Files\php\php-7.4.33\ext\php_sqlsrv_7_nts_x86.dll (%1 is not a valid Win32 application.), C:\Program Files\php\php-7.4.33\ext\php_php_sqlsrv_7_nts_x86.dll.dll (The specified module could not be found.)) in Unknown on line 0
[24-Apr-2023 17:02:02 UTC] PHP Warning:  PHP Startup: Unable to load dynamic library 'php_sqlsrv_7_ts_x64.dll' (tried: C:\Program Files\php\php-7.4.33\ext\php_sqlsrv_7_ts_x64.dll (The specified module could not be found.), C:\Program Files\php\php-7.4.33\ext\php_php_sqlsrv_7_ts_x64.dll.dll (The specified module could not be found.)) in Unknown on line 0
[24-Apr-2023 17:02:02 UTC] PHP Warning:  PHP Startup: Unable to load dynamic library 'php_sqlsrv_7_ts_x86.dll' (tried: C:\Program Files\php\php-7.4.33\ext\php_sqlsrv_7_ts_x86.dll (%1 is not a valid Win32 application.), C:\Program Files\php\php-7.4.33\ext\php_php_sqlsrv_7_ts_x86.dll.dll (The specified module could not be found.)) in Unknown on line 0
[24-Apr-2023 18:02:02 Europe/Dublin] PHP Deprecated:  Directive 'track_errors' is deprecated in Unknown on line 0
[24-Apr-2023 17:28:01 UTC] PHP Warning:  PHP Startup: Unable to load dynamic library 'php_pdo_sqlsrv_7_nts_x64.dll' (tried: C:\Program Files\php\php-7.4.33\ext\php_pdo_sqlsrv_7_nts_x64.dll (The specified procedure could not be found.), C:\Program Files\php\php-7.4.33\ext\php_php_pdo_sqlsrv_7_nts_x64.dll.dll (The specified module could not be found.)) in Unknown on line 0
[24-Apr-2023 17:28:01 UTC] PHP Warning:  PHP Startup: Unable to load dynamic library 'php_pdo_sqlsrv_7_nts_x86.dll' (tried: C:\Program Files\php\php-7.4.33\ext\php_pdo_sqlsrv_7_nts_x86.dll (%1 is not a valid Win32 application.), C:\Program Files\php\php-7.4.33\ext\php_php_pdo_sqlsrv_7_nts_x86.dll.dll (The specified module could not be found.)) in Unknown on line 0
[24-Apr-2023 17:28:01 UTC] PHP Warning:  PHP Startup: Unable to load dynamic library 'php_pdo_sqlsrv_7_ts_x64.dll' (tried: C:\Program Files\php\php-7.4.33\ext\php_pdo_sqlsrv_7_ts_x64.dll (The specified module could not be found.), C:\Program Files\php\php-7.4.33\ext\php_php_pdo_sqlsrv_7_ts_x64.dll.dll (The specified module could not be found.)) in Unknown on line 0
[24-Apr-2023 17:28:01 UTC] PHP Warning:  PHP Startup: Unable to load dynamic library 'php_pdo_sqlsrv_7_ts_x86.dll' (tried: C:\Program Files\php\php-7.4.33\ext\php_pdo_sqlsrv_7_ts_x86.dll (%1 is not a valid Win32 application.), C:\Program Files\php\php-7.4.33\ext\php_php_pdo_sqlsrv_7_ts_x86.dll.dll (The specified module could not be found.)) in Unknown on line 0
[24-Apr-2023 17:28:01 UTC] PHP Warning:  PHP Startup: Unable to load dynamic library 'php_sqlsrv_7_nts_x64.dll' (tried: C:\Program Files\php\php-7.4.33\ext\php_sqlsrv_7_nts_x64.dll (The specified procedure could not be found.), C:\Program Files\php\php-7.4.33\ext\php_php_sqlsrv_7_nts_x64.dll.dll (The specified module could not be found.)) in Unknown on line 0
[24-Apr-2023 17:28:01 UTC] PHP Warning:  PHP Startup: Unable to load dynamic library 'php_sqlsrv_7_nts_x86.dll' (tried: C:\Program Files\php\php-7.4.33\ext\php_sqlsrv_7_nts_x86.dll (%1 is not a valid Win32 application.), C:\Program Files\php\php-7.4.33\ext\php_php_sqlsrv_7_nts_x86.dll.dll (The specified module could not be found.)) in Unknown on line 0
[24-Apr-2023 17:28:01 UTC] PHP Warning:  PHP Startup: Unable to load dynamic library 'php_sqlsrv_7_ts_x64.dll' (tried: C:\Program Files\php\php-7.4.33\ext\php_sqlsrv_7_ts_x64.dll (The specified module could not be found.), C:\Program Files\php\php-7.4.33\ext\php_php_sqlsrv_7_ts_x64.dll.dll (The specified module could not be found.)) in Unknown on line 0
[24-Apr-2023 17:28:01 UTC] PHP Warning:  PHP Startup: Unable to load dynamic library 'php_sqlsrv_7_ts_x86.dll' (tried: C:\Program Files\php\php-7.4.33\ext\php_sqlsrv_7_ts_x86.dll (%1 is not a valid Win32 application.), C:\Program Files\php\php-7.4.33\ext\php_php_sqlsrv_7_ts_x86.dll.dll (The specified module could not be found.)) in Unknown on line 0
[24-Apr-2023 18:28:01 Europe/Dublin] PHP Deprecated:  Directive 'track_errors' is deprecated in Unknown on line 0
[24-Apr-2023 17:28:05 UTC] PHP Warning:  PHP Startup: Unable to load dynamic library 'php_pdo_sqlsrv_7_nts_x64.dll' (tried: C:\Program Files\php\php-7.4.33\ext\php_pdo_sqlsrv_7_nts_x64.dll (The specified procedure could not be found.), C:\Program Files\php\php-7.4.33\ext\php_php_pdo_sqlsrv_7_nts_x64.dll.dll (The specified module could not be found.)) in Unknown on line 0
[24-Apr-2023 17:28:05 UTC] PHP Warning:  PHP Startup: Unable to load dynamic library 'php_pdo_sqlsrv_7_nts_x86.dll' (tried: C:\Program Files\php\php-7.4.33\ext\php_pdo_sqlsrv_7_nts_x86.dll (%1 is not a valid Win32 application.), C:\Program Files\php\php-7.4.33\ext\php_php_pdo_sqlsrv_7_nts_x86.dll.dll (The specified module could not be found.)) in Unknown on line 0
[24-Apr-2023 17:28:05 UTC] PHP Warning:  PHP Startup: Unable to load dynamic library 'php_pdo_sqlsrv_7_ts_x64.dll' (tried: C:\Program Files\php\php-7.4.33\ext\php_pdo_sqlsrv_7_ts_x64.dll (The specified module could not be found.), C:\Program Files\php\php-7.4.33\ext\php_php_pdo_sqlsrv_7_ts_x64.dll.dll (The specified module could not be found.)) in Unknown on line 0
[24-Apr-2023 17:28:05 UTC] PHP Warning:  PHP Startup: Unable to load dynamic library 'php_pdo_sqlsrv_7_ts_x86.dll' (tried: C:\Program Files\php\php-7.4.33\ext\php_pdo_sqlsrv_7_ts_x86.dll (%1 is not a valid Win32 application.), C:\Program Files\php\php-7.4.33\ext\php_php_pdo_sqlsrv_7_ts_x86.dll.dll (The specified module could not be found.)) in Unknown on line 0
[24-Apr-2023 17:28:05 UTC] PHP Warning:  PHP Startup: Unable to load dynamic library 'php_sqlsrv_7_nts_x64.dll' (tried: C:\Program Files\php\php-7.4.33\ext\php_sqlsrv_7_nts_x64.dll (The specified procedure could not be found.), C:\Program Files\php\php-7.4.33\ext\php_php_sqlsrv_7_nts_x64.dll.dll (The specified module could not be found.)) in Unknown on line 0
[24-Apr-2023 17:28:05 UTC] PHP Warning:  PHP Startup: Unable to load dynamic library 'php_sqlsrv_7_nts_x86.dll' (tried: C:\Program Files\php\php-7.4.33\ext\php_sqlsrv_7_nts_x86.dll (%1 is not a valid Win32 application.), C:\Program Files\php\php-7.4.33\ext\php_php_sqlsrv_7_nts_x86.dll.dll (The specified module could not be found.)) in Unknown on line 0
[24-Apr-2023 17:28:05 UTC] PHP Warning:  PHP Startup: Unable to load dynamic library 'php_sqlsrv_7_ts_x64.dll' (tried: C:\Program Files\php\php-7.4.33\ext\php_sqlsrv_7_ts_x64.dll (The specified module could not be found.), C:\Program Files\php\php-7.4.33\ext\php_php_sqlsrv_7_ts_x64.dll.dll (The specified module could not be found.)) in Unknown on line 0
[24-Apr-2023 17:28:05 UTC] PHP Warning:  PHP Startup: Unable to load dynamic library 'php_sqlsrv_7_ts_x86.dll' (tried: C:\Program Files\php\php-7.4.33\ext\php_sqlsrv_7_ts_x86.dll (%1 is not a valid Win32 application.), C:\Program Files\php\php-7.4.33\ext\php_php_sqlsrv_7_ts_x86.dll.dll (The specified module could not be found.)) in Unknown on line 0
[24-Apr-2023 18:28:05 Europe/Dublin] PHP Deprecated:  Directive 'track_errors' is deprecated in Unknown on line 0
[24-Apr-2023 18:36:54 Europe/Dublin] PHP Notice:  session_start(): ps_files_cleanup_dir: opendir(C:\WINDOWS\Temp\) failed: No such file or directory (2) in C:\Users\reza\Documents\GitHub\inbentory_cli\html\inventory_1\backend\includes\session.php on line 4
[24-Apr-2023 19:06:49 UTC] PHP Warning:  PHP Startup: Unable to load dynamic library 'php_pdo_sqlsrv_7_nts_x64.dll' (tried: C:\Program Files\php\php-7.4.33\ext\php_pdo_sqlsrv_7_nts_x64.dll (The specified procedure could not be found.), C:\Program Files\php\php-7.4.33\ext\php_php_pdo_sqlsrv_7_nts_x64.dll.dll (The specified module could not be found.)) in Unknown on line 0
[24-Apr-2023 19:06:49 UTC] PHP Warning:  PHP Startup: Unable to load dynamic library 'php_pdo_sqlsrv_7_nts_x86.dll' (tried: C:\Program Files\php\php-7.4.33\ext\php_pdo_sqlsrv_7_nts_x86.dll (%1 is not a valid Win32 application.), C:\Program Files\php\php-7.4.33\ext\php_php_pdo_sqlsrv_7_nts_x86.dll.dll (The specified module could not be found.)) in Unknown on line 0
[24-Apr-2023 19:06:50 UTC] PHP Warning:  PHP Startup: Unable to load dynamic library 'php_pdo_sqlsrv_7_ts_x64.dll' (tried: C:\Program Files\php\php-7.4.33\ext\php_pdo_sqlsrv_7_ts_x64.dll (The specified module could not be found.), C:\Program Files\php\php-7.4.33\ext\php_php_pdo_sqlsrv_7_ts_x64.dll.dll (The specified module could not be found.)) in Unknown on line 0
[24-Apr-2023 19:06:50 UTC] PHP Warning:  PHP Startup: Unable to load dynamic library 'php_pdo_sqlsrv_7_ts_x86.dll' (tried: C:\Program Files\php\php-7.4.33\ext\php_pdo_sqlsrv_7_ts_x86.dll (%1 is not a valid Win32 application.), C:\Program Files\php\php-7.4.33\ext\php_php_pdo_sqlsrv_7_ts_x86.dll.dll (The specified module could not be found.)) in Unknown on line 0
[24-Apr-2023 19:06:50 UTC] PHP Warning:  PHP Startup: Unable to load dynamic library 'php_sqlsrv_7_nts_x64.dll' (tried: C:\Program Files\php\php-7.4.33\ext\php_sqlsrv_7_nts_x64.dll (The specified procedure could not be found.), C:\Program Files\php\php-7.4.33\ext\php_php_sqlsrv_7_nts_x64.dll.dll (The specified module could not be found.)) in Unknown on line 0
[24-Apr-2023 19:06:50 UTC] PHP Warning:  PHP Startup: Unable to load dynamic library 'php_sqlsrv_7_nts_x86.dll' (tried: C:\Program Files\php\php-7.4.33\ext\php_sqlsrv_7_nts_x86.dll (%1 is not a valid Win32 application.), C:\Program Files\php\php-7.4.33\ext\php_php_sqlsrv_7_nts_x86.dll.dll (The specified module could not be found.)) in Unknown on line 0
[24-Apr-2023 19:06:50 UTC] PHP Warning:  PHP Startup: Unable to load dynamic library 'php_sqlsrv_7_ts_x64.dll' (tried: C:\Program Files\php\php-7.4.33\ext\php_sqlsrv_7_ts_x64.dll (The specified module could not be found.), C:\Program Files\php\php-7.4.33\ext\php_php_sqlsrv_7_ts_x64.dll.dll (The specified module could not be found.)) in Unknown on line 0
[24-Apr-2023 19:06:50 UTC] PHP Warning:  PHP Startup: Unable to load dynamic library 'php_sqlsrv_7_ts_x86.dll' (tried: C:\Program Files\php\php-7.4.33\ext\php_sqlsrv_7_ts_x86.dll (%1 is not a valid Win32 application.), C:\Program Files\php\php-7.4.33\ext\php_php_sqlsrv_7_ts_x86.dll.dll (The specified module could not be found.)) in Unknown on line 0
[24-Apr-2023 20:06:50 Europe/Dublin] PHP Deprecated:  Directive 'track_errors' is deprecated in Unknown on line 0
[24-Apr-2023 19:06:54 UTC] PHP Warning:  PHP Startup: Unable to load dynamic library 'php_pdo_sqlsrv_7_nts_x64.dll' (tried: C:\Program Files\php\php-7.4.33\ext\php_pdo_sqlsrv_7_nts_x64.dll (The specified procedure could not be found.), C:\Program Files\php\php-7.4.33\ext\php_php_pdo_sqlsrv_7_nts_x64.dll.dll (The specified module could not be found.)) in Unknown on line 0
[24-Apr-2023 19:06:54 UTC] PHP Warning:  PHP Startup: Unable to load dynamic library 'php_pdo_sqlsrv_7_nts_x86.dll' (tried: C:\Program Files\php\php-7.4.33\ext\php_pdo_sqlsrv_7_nts_x86.dll (%1 is not a valid Win32 application.), C:\Program Files\php\php-7.4.33\ext\php_php_pdo_sqlsrv_7_nts_x86.dll.dll (The specified module could not be found.)) in Unknown on line 0
[24-Apr-2023 19:06:54 UTC] PHP Warning:  PHP Startup: Unable to load dynamic library 'php_pdo_sqlsrv_7_ts_x64.dll' (tried: C:\Program Files\php\php-7.4.33\ext\php_pdo_sqlsrv_7_ts_x64.dll (The specified module could not be found.), C:\Program Files\php\php-7.4.33\ext\php_php_pdo_sqlsrv_7_ts_x64.dll.dll (The specified module could not be found.)) in Unknown on line 0
[24-Apr-2023 19:06:54 UTC] PHP Warning:  PHP Startup: Unable to load dynamic library 'php_pdo_sqlsrv_7_ts_x86.dll' (tried: C:\Program Files\php\php-7.4.33\ext\php_pdo_sqlsrv_7_ts_x86.dll (%1 is not a valid Win32 application.), C:\Program Files\php\php-7.4.33\ext\php_php_pdo_sqlsrv_7_ts_x86.dll.dll (The specified module could not be found.)) in Unknown on line 0
[24-Apr-2023 19:06:55 UTC] PHP Warning:  PHP Startup: Unable to load dynamic library 'php_sqlsrv_7_nts_x64.dll' (tried: C:\Program Files\php\php-7.4.33\ext\php_sqlsrv_7_nts_x64.dll (The specified procedure could not be found.), C:\Program Files\php\php-7.4.33\ext\php_php_sqlsrv_7_nts_x64.dll.dll (The specified module could not be found.)) in Unknown on line 0
[24-Apr-2023 19:06:55 UTC] PHP Warning:  PHP Startup: Unable to load dynamic library 'php_sqlsrv_7_nts_x86.dll' (tried: C:\Program Files\php\php-7.4.33\ext\php_sqlsrv_7_nts_x86.dll (%1 is not a valid Win32 application.), C:\Program Files\php\php-7.4.33\ext\php_php_sqlsrv_7_nts_x86.dll.dll (The specified module could not be found.)) in Unknown on line 0
[24-Apr-2023 19:06:55 UTC] PHP Warning:  PHP Startup: Unable to load dynamic library 'php_sqlsrv_7_ts_x64.dll' (tried: C:\Program Files\php\php-7.4.33\ext\php_sqlsrv_7_ts_x64.dll (The specified module could not be found.), C:\Program Files\php\php-7.4.33\ext\php_php_sqlsrv_7_ts_x64.dll.dll (The specified module could not be found.)) in Unknown on line 0
[24-Apr-2023 19:06:55 UTC] PHP Warning:  PHP Startup: Unable to load dynamic library 'php_sqlsrv_7_ts_x86.dll' (tried: C:\Program Files\php\php-7.4.33\ext\php_sqlsrv_7_ts_x86.dll (%1 is not a valid Win32 application.), C:\Program Files\php\php-7.4.33\ext\php_php_sqlsrv_7_ts_x86.dll.dll (The specified module could not be found.)) in Unknown on line 0
[24-Apr-2023 20:06:55 Europe/Dublin] PHP Deprecated:  Directive 'track_errors' is deprecated in Unknown on line 0
[25-Apr-2023 00:57:35 UTC] PHP Warning:  PHP Startup: Unable to load dynamic library 'php_pdo_sqlsrv_7_nts_x64.dll' (tried: C:\Program Files\php\php-7.4.33\ext\php_pdo_sqlsrv_7_nts_x64.dll (The specified procedure could not be found.), C:\Program Files\php\php-7.4.33\ext\php_php_pdo_sqlsrv_7_nts_x64.dll.dll (The specified module could not be found.)) in Unknown on line 0
[25-Apr-2023 00:57:35 UTC] PHP Warning:  PHP Startup: Unable to load dynamic library 'php_pdo_sqlsrv_7_nts_x86.dll' (tried: C:\Program Files\php\php-7.4.33\ext\php_pdo_sqlsrv_7_nts_x86.dll (%1 is not a valid Win32 application.), C:\Program Files\php\php-7.4.33\ext\php_php_pdo_sqlsrv_7_nts_x86.dll.dll (The specified module could not be found.)) in Unknown on line 0
[25-Apr-2023 00:57:35 UTC] PHP Warning:  PHP Startup: Unable to load dynamic library 'php_pdo_sqlsrv_7_ts_x64.dll' (tried: C:\Program Files\php\php-7.4.33\ext\php_pdo_sqlsrv_7_ts_x64.dll (The specified module could not be found.), C:\Program Files\php\php-7.4.33\ext\php_php_pdo_sqlsrv_7_ts_x64.dll.dll (The specified module could not be found.)) in Unknown on line 0
[25-Apr-2023 00:57:35 UTC] PHP Warning:  PHP Startup: Unable to load dynamic library 'php_pdo_sqlsrv_7_ts_x86.dll' (tried: C:\Program Files\php\php-7.4.33\ext\php_pdo_sqlsrv_7_ts_x86.dll (%1 is not a valid Win32 application.), C:\Program Files\php\php-7.4.33\ext\php_php_pdo_sqlsrv_7_ts_x86.dll.dll (The specified module could not be found.)) in Unknown on line 0
[25-Apr-2023 00:57:35 UTC] PHP Warning:  PHP Startup: Unable to load dynamic library 'php_sqlsrv_7_nts_x64.dll' (tried: C:\Program Files\php\php-7.4.33\ext\php_sqlsrv_7_nts_x64.dll (The specified procedure could not be found.), C:\Program Files\php\php-7.4.33\ext\php_php_sqlsrv_7_nts_x64.dll.dll (The specified module could not be found.)) in Unknown on line 0
[25-Apr-2023 00:57:35 UTC] PHP Warning:  PHP Startup: Unable to load dynamic library 'php_sqlsrv_7_nts_x86.dll' (tried: C:\Program Files\php\php-7.4.33\ext\php_sqlsrv_7_nts_x86.dll (%1 is not a valid Win32 application.), C:\Program Files\php\php-7.4.33\ext\php_php_sqlsrv_7_nts_x86.dll.dll (The specified module could not be found.)) in Unknown on line 0
[25-Apr-2023 00:57:35 UTC] PHP Warning:  PHP Startup: Unable to load dynamic library 'php_sqlsrv_7_ts_x64.dll' (tried: C:\Program Files\php\php-7.4.33\ext\php_sqlsrv_7_ts_x64.dll (The specified module could not be found.), C:\Program Files\php\php-7.4.33\ext\php_php_sqlsrv_7_ts_x64.dll.dll (The specified module could not be found.)) in Unknown on line 0
[25-Apr-2023 00:57:35 UTC] PHP Warning:  PHP Startup: Unable to load dynamic library 'php_sqlsrv_7_ts_x86.dll' (tried: C:\Program Files\php\php-7.4.33\ext\php_sqlsrv_7_ts_x86.dll (%1 is not a valid Win32 application.), C:\Program Files\php\php-7.4.33\ext\php_php_sqlsrv_7_ts_x86.dll.dll (The specified module could not be found.)) in Unknown on line 0
[25-Apr-2023 01:57:35 Europe/Dublin] PHP Deprecated:  Directive 'track_errors' is deprecated in Unknown on line 0
[25-Apr-2023 00:57:35 UTC] PHP Warning:  PHP Startup: Unable to load dynamic library 'php_pdo_sqlsrv_7_nts_x64.dll' (tried: C:\Program Files\php\php-7.4.33\ext\php_pdo_sqlsrv_7_nts_x64.dll (The specified procedure could not be found.), C:\Program Files\php\php-7.4.33\ext\php_php_pdo_sqlsrv_7_nts_x64.dll.dll (The specified module could not be found.)) in Unknown on line 0
[25-Apr-2023 00:57:35 UTC] PHP Warning:  PHP Startup: Unable to load dynamic library 'php_pdo_sqlsrv_7_nts_x86.dll' (tried: C:\Program Files\php\php-7.4.33\ext\php_pdo_sqlsrv_7_nts_x86.dll (%1 is not a valid Win32 application.), C:\Program Files\php\php-7.4.33\ext\php_php_pdo_sqlsrv_7_nts_x86.dll.dll (The specified module could not be found.)) in Unknown on line 0
[25-Apr-2023 00:57:35 UTC] PHP Warning:  PHP Startup: Unable to load dynamic library 'php_pdo_sqlsrv_7_ts_x64.dll' (tried: C:\Program Files\php\php-7.4.33\ext\php_pdo_sqlsrv_7_ts_x64.dll (The specified module could not be found.), C:\Program Files\php\php-7.4.33\ext\php_php_pdo_sqlsrv_7_ts_x64.dll.dll (The specified module could not be found.)) in Unknown on line 0
[25-Apr-2023 00:57:35 UTC] PHP Warning:  PHP Startup: Unable to load dynamic library 'php_pdo_sqlsrv_7_ts_x86.dll' (tried: C:\Program Files\php\php-7.4.33\ext\php_pdo_sqlsrv_7_ts_x86.dll (%1 is not a valid Win32 application.), C:\Program Files\php\php-7.4.33\ext\php_php_pdo_sqlsrv_7_ts_x86.dll.dll (The specified module could not be found.)) in Unknown on line 0
[25-Apr-2023 00:57:35 UTC] PHP Warning:  PHP Startup: Unable to load dynamic library 'php_sqlsrv_7_nts_x64.dll' (tried: C:\Program Files\php\php-7.4.33\ext\php_sqlsrv_7_nts_x64.dll (The specified procedure could not be found.), C:\Program Files\php\php-7.4.33\ext\php_php_sqlsrv_7_nts_x64.dll.dll (The specified module could not be found.)) in Unknown on line 0
[25-Apr-2023 00:57:35 UTC] PHP Warning:  PHP Startup: Unable to load dynamic library 'php_sqlsrv_7_nts_x86.dll' (tried: C:\Program Files\php\php-7.4.33\ext\php_sqlsrv_7_nts_x86.dll (%1 is not a valid Win32 application.), C:\Program Files\php\php-7.4.33\ext\php_php_sqlsrv_7_nts_x86.dll.dll (The specified module could not be found.)) in Unknown on line 0
[25-Apr-2023 00:57:35 UTC] PHP Warning:  PHP Startup: Unable to load dynamic library 'php_sqlsrv_7_ts_x64.dll' (tried: C:\Program Files\php\php-7.4.33\ext\php_sqlsrv_7_ts_x64.dll (The specified module could not be found.), C:\Program Files\php\php-7.4.33\ext\php_php_sqlsrv_7_ts_x64.dll.dll (The specified module could not be found.)) in Unknown on line 0
[25-Apr-2023 00:57:35 UTC] PHP Warning:  PHP Startup: Unable to load dynamic library 'php_sqlsrv_7_ts_x86.dll' (tried: C:\Program Files\php\php-7.4.33\ext\php_sqlsrv_7_ts_x86.dll (%1 is not a valid Win32 application.), C:\Program Files\php\php-7.4.33\ext\php_php_sqlsrv_7_ts_x86.dll.dll (The specified module could not be found.)) in Unknown on line 0
[25-Apr-2023 01:57:35 Europe/Dublin] PHP Deprecated:  Directive 'track_errors' is deprecated in Unknown on line 0
[25-Apr-2023 02:29:22 Europe/Dublin] PHP Fatal error:  Uncaught PDOException: SQLSTATE[22003]: Numeric value out of range: 1264 Out of range value for column 'amt_paid' at row 1 in C:\Users\reza\Documents\GitHub\inbentory_cli\html\inventory_1\backend\includes\classes\Billing.php:207
Stack trace:
#0 C:\Users\reza\Documents\GitHub\inbentory_cli\html\inventory_1\backend\includes\classes\Billing.php(207): PDO->exec()
#1 C:\Users\reza\Documents\GitHub\inbentory_cli\html\inventory_1\backend\process\form_process.php(486): billing\Billing->makePyament()
#2 {main}
  thrown in C:\Users\reza\Documents\GitHub\inbentory_cli\html\inventory_1\backend\includes\classes\Billing.php on line 207
[25-Apr-2023 02:23:10 UTC] PHP Warning:  PHP Startup: Unable to load dynamic library 'php_pdo_sqlsrv_7_nts_x64.dll' (tried: C:\Program Files\php\php-7.4.33\ext\php_pdo_sqlsrv_7_nts_x64.dll (The specified procedure could not be found.), C:\Program Files\php\php-7.4.33\ext\php_php_pdo_sqlsrv_7_nts_x64.dll.dll (The specified module could not be found.)) in Unknown on line 0
[25-Apr-2023 02:23:10 UTC] PHP Warning:  PHP Startup: Unable to load dynamic library 'php_pdo_sqlsrv_7_nts_x86.dll' (tried: C:\Program Files\php\php-7.4.33\ext\php_pdo_sqlsrv_7_nts_x86.dll (%1 is not a valid Win32 application.), C:\Program Files\php\php-7.4.33\ext\php_php_pdo_sqlsrv_7_nts_x86.dll.dll (The specified module could not be found.)) in Unknown on line 0
[25-Apr-2023 02:23:10 UTC] PHP Warning:  PHP Startup: Unable to load dynamic library 'php_pdo_sqlsrv_7_ts_x64.dll' (tried: C:\Program Files\php\php-7.4.33\ext\php_pdo_sqlsrv_7_ts_x64.dll (The specified module could not be found.), C:\Program Files\php\php-7.4.33\ext\php_php_pdo_sqlsrv_7_ts_x64.dll.dll (The specified module could not be found.)) in Unknown on line 0
[25-Apr-2023 02:23:10 UTC] PHP Warning:  PHP Startup: Unable to load dynamic library 'php_pdo_sqlsrv_7_ts_x86.dll' (tried: C:\Program Files\php\php-7.4.33\ext\php_pdo_sqlsrv_7_ts_x86.dll (%1 is not a valid Win32 application.), C:\Program Files\php\php-7.4.33\ext\php_php_pdo_sqlsrv_7_ts_x86.dll.dll (The specified module could not be found.)) in Unknown on line 0
[25-Apr-2023 02:23:10 UTC] PHP Warning:  PHP Startup: Unable to load dynamic library 'php_sqlsrv_7_nts_x64.dll' (tried: C:\Program Files\php\php-7.4.33\ext\php_sqlsrv_7_nts_x64.dll (The specified procedure could not be found.), C:\Program Files\php\php-7.4.33\ext\php_php_sqlsrv_7_nts_x64.dll.dll (The specified module could not be found.)) in Unknown on line 0
[25-Apr-2023 02:23:10 UTC] PHP Warning:  PHP Startup: Unable to load dynamic library 'php_sqlsrv_7_nts_x86.dll' (tried: C:\Program Files\php\php-7.4.33\ext\php_sqlsrv_7_nts_x86.dll (%1 is not a valid Win32 application.), C:\Program Files\php\php-7.4.33\ext\php_php_sqlsrv_7_nts_x86.dll.dll (The specified module could not be found.)) in Unknown on line 0
[25-Apr-2023 02:23:10 UTC] PHP Warning:  PHP Startup: Unable to load dynamic library 'php_sqlsrv_7_ts_x64.dll' (tried: C:\Program Files\php\php-7.4.33\ext\php_sqlsrv_7_ts_x64.dll (The specified module could not be found.), C:\Program Files\php\php-7.4.33\ext\php_php_sqlsrv_7_ts_x64.dll.dll (The specified module could not be found.)) in Unknown on line 0
[25-Apr-2023 02:23:10 UTC] PHP Warning:  PHP Startup: Unable to load dynamic library 'php_sqlsrv_7_ts_x86.dll' (tried: C:\Program Files\php\php-7.4.33\ext\php_sqlsrv_7_ts_x86.dll (%1 is not a valid Win32 application.), C:\Program Files\php\php-7.4.33\ext\php_php_sqlsrv_7_ts_x86.dll.dll (The specified module could not be found.)) in Unknown on line 0
[25-Apr-2023 03:23:10 Europe/Dublin] PHP Deprecated:  Directive 'track_errors' is deprecated in Unknown on line 0
[25-Apr-2023 02:23:14 UTC] PHP Warning:  PHP Startup: Unable to load dynamic library 'php_pdo_sqlsrv_7_nts_x64.dll' (tried: C:\Program Files\php\php-7.4.33\ext\php_pdo_sqlsrv_7_nts_x64.dll (The specified procedure could not be found.), C:\Program Files\php\php-7.4.33\ext\php_php_pdo_sqlsrv_7_nts_x64.dll.dll (The specified module could not be found.)) in Unknown on line 0
[25-Apr-2023 02:23:14 UTC] PHP Warning:  PHP Startup: Unable to load dynamic library 'php_pdo_sqlsrv_7_nts_x86.dll' (tried: C:\Program Files\php\php-7.4.33\ext\php_pdo_sqlsrv_7_nts_x86.dll (%1 is not a valid Win32 application.), C:\Program Files\php\php-7.4.33\ext\php_php_pdo_sqlsrv_7_nts_x86.dll.dll (The specified module could not be found.)) in Unknown on line 0
[25-Apr-2023 02:23:14 UTC] PHP Warning:  PHP Startup: Unable to load dynamic library 'php_pdo_sqlsrv_7_ts_x64.dll' (tried: C:\Program Files\php\php-7.4.33\ext\php_pdo_sqlsrv_7_ts_x64.dll (The specified module could not be found.), C:\Program Files\php\php-7.4.33\ext\php_php_pdo_sqlsrv_7_ts_x64.dll.dll (The specified module could not be found.)) in Unknown on line 0
[25-Apr-2023 02:23:14 UTC] PHP Warning:  PHP Startup: Unable to load dynamic library 'php_pdo_sqlsrv_7_ts_x86.dll' (tried: C:\Program Files\php\php-7.4.33\ext\php_pdo_sqlsrv_7_ts_x86.dll (%1 is not a valid Win32 application.), C:\Program Files\php\php-7.4.33\ext\php_php_pdo_sqlsrv_7_ts_x86.dll.dll (The specified module could not be found.)) in Unknown on line 0
[25-Apr-2023 02:23:14 UTC] PHP Warning:  PHP Startup: Unable to load dynamic library 'php_sqlsrv_7_nts_x64.dll' (tried: C:\Program Files\php\php-7.4.33\ext\php_sqlsrv_7_nts_x64.dll (The specified procedure could not be found.), C:\Program Files\php\php-7.4.33\ext\php_php_sqlsrv_7_nts_x64.dll.dll (The specified module could not be found.)) in Unknown on line 0
[25-Apr-2023 02:23:14 UTC] PHP Warning:  PHP Startup: Unable to load dynamic library 'php_sqlsrv_7_nts_x86.dll' (tried: C:\Program Files\php\php-7.4.33\ext\php_sqlsrv_7_nts_x86.dll (%1 is not a valid Win32 application.), C:\Program Files\php\php-7.4.33\ext\php_php_sqlsrv_7_nts_x86.dll.dll (The specified module could not be found.)) in Unknown on line 0
[25-Apr-2023 02:23:14 UTC] PHP Warning:  PHP Startup: Unable to load dynamic library 'php_sqlsrv_7_ts_x64.dll' (tried: C:\Program Files\php\php-7.4.33\ext\php_sqlsrv_7_ts_x64.dll (The specified module could not be found.), C:\Program Files\php\php-7.4.33\ext\php_php_sqlsrv_7_ts_x64.dll.dll (The specified module could not be found.)) in Unknown on line 0
[25-Apr-2023 02:23:14 UTC] PHP Warning:  PHP Startup: Unable to load dynamic library 'php_sqlsrv_7_ts_x86.dll' (tried: C:\Program Files\php\php-7.4.33\ext\php_sqlsrv_7_ts_x86.dll (%1 is not a valid Win32 application.), C:\Program Files\php\php-7.4.33\ext\php_php_sqlsrv_7_ts_x86.dll.dll (The specified module could not be found.)) in Unknown on line 0
[25-Apr-2023 03:23:14 Europe/Dublin] PHP Deprecated:  Directive 'track_errors' is deprecated in Unknown on line 0
[25-Apr-2023 02:40:01 UTC] PHP Warning:  PHP Startup: Unable to load dynamic library 'php_pdo_sqlsrv_7_nts_x64.dll' (tried: C:\Program Files\php\php-7.4.33\ext\php_pdo_sqlsrv_7_nts_x64.dll (The specified procedure could not be found.), C:\Program Files\php\php-7.4.33\ext\php_php_pdo_sqlsrv_7_nts_x64.dll.dll (The specified module could not be found.)) in Unknown on line 0
[25-Apr-2023 02:40:01 UTC] PHP Warning:  PHP Startup: Unable to load dynamic library 'php_pdo_sqlsrv_7_nts_x86.dll' (tried: C:\Program Files\php\php-7.4.33\ext\php_pdo_sqlsrv_7_nts_x86.dll (%1 is not a valid Win32 application.), C:\Program Files\php\php-7.4.33\ext\php_php_pdo_sqlsrv_7_nts_x86.dll.dll (The specified module could not be found.)) in Unknown on line 0
[25-Apr-2023 02:40:01 UTC] PHP Warning:  PHP Startup: Unable to load dynamic library 'php_pdo_sqlsrv_7_ts_x64.dll' (tried: C:\Program Files\php\php-7.4.33\ext\php_pdo_sqlsrv_7_ts_x64.dll (The specified module could not be found.), C:\Program Files\php\php-7.4.33\ext\php_php_pdo_sqlsrv_7_ts_x64.dll.dll (The specified module could not be found.)) in Unknown on line 0
[25-Apr-2023 02:40:01 UTC] PHP Warning:  PHP Startup: Unable to load dynamic library 'php_pdo_sqlsrv_7_ts_x86.dll' (tried: C:\Program Files\php\php-7.4.33\ext\php_pdo_sqlsrv_7_ts_x86.dll (%1 is not a valid Win32 application.), C:\Program Files\php\php-7.4.33\ext\php_php_pdo_sqlsrv_7_ts_x86.dll.dll (The specified module could not be found.)) in Unknown on line 0
[25-Apr-2023 02:40:01 UTC] PHP Warning:  PHP Startup: Unable to load dynamic library 'php_sqlsrv_7_nts_x64.dll' (tried: C:\Program Files\php\php-7.4.33\ext\php_sqlsrv_7_nts_x64.dll (The specified procedure could not be found.), C:\Program Files\php\php-7.4.33\ext\php_php_sqlsrv_7_nts_x64.dll.dll (The specified module could not be found.)) in Unknown on line 0
[25-Apr-2023 02:40:01 UTC] PHP Warning:  PHP Startup: Unable to load dynamic library 'php_sqlsrv_7_nts_x86.dll' (tried: C:\Program Files\php\php-7.4.33\ext\php_sqlsrv_7_nts_x86.dll (%1 is not a valid Win32 application.), C:\Program Files\php\php-7.4.33\ext\php_php_sqlsrv_7_nts_x86.dll.dll (The specified module could not be found.)) in Unknown on line 0
[25-Apr-2023 02:40:01 UTC] PHP Warning:  PHP Startup: Unable to load dynamic library 'php_sqlsrv_7_ts_x64.dll' (tried: C:\Program Files\php\php-7.4.33\ext\php_sqlsrv_7_ts_x64.dll (The specified module could not be found.), C:\Program Files\php\php-7.4.33\ext\php_php_sqlsrv_7_ts_x64.dll.dll (The specified module could not be found.)) in Unknown on line 0
[25-Apr-2023 02:40:01 UTC] PHP Warning:  PHP Startup: Unable to load dynamic library 'php_sqlsrv_7_ts_x86.dll' (tried: C:\Program Files\php\php-7.4.33\ext\php_sqlsrv_7_ts_x86.dll (%1 is not a valid Win32 application.), C:\Program Files\php\php-7.4.33\ext\php_php_sqlsrv_7_ts_x86.dll.dll (The specified module could not be found.)) in Unknown on line 0
[25-Apr-2023 03:40:01 Europe/Dublin] PHP Deprecated:  Directive 'track_errors' is deprecated in Unknown on line 0
[25-Apr-2023 02:40:09 UTC] PHP Warning:  PHP Startup: Unable to load dynamic library 'php_pdo_sqlsrv_7_nts_x64.dll' (tried: C:\Program Files\php\php-7.4.33\ext\php_pdo_sqlsrv_7_nts_x64.dll (The specified procedure could not be found.), C:\Program Files\php\php-7.4.33\ext\php_php_pdo_sqlsrv_7_nts_x64.dll.dll (The specified module could not be found.)) in Unknown on line 0
[25-Apr-2023 02:40:09 UTC] PHP Warning:  PHP Startup: Unable to load dynamic library 'php_pdo_sqlsrv_7_nts_x86.dll' (tried: C:\Program Files\php\php-7.4.33\ext\php_pdo_sqlsrv_7_nts_x86.dll (%1 is not a valid Win32 application.), C:\Program Files\php\php-7.4.33\ext\php_php_pdo_sqlsrv_7_nts_x86.dll.dll (The specified module could not be found.)) in Unknown on line 0
[25-Apr-2023 02:40:09 UTC] PHP Warning:  PHP Startup: Unable to load dynamic library 'php_pdo_sqlsrv_7_ts_x64.dll' (tried: C:\Program Files\php\php-7.4.33\ext\php_pdo_sqlsrv_7_ts_x64.dll (The specified module could not be found.), C:\Program Files\php\php-7.4.33\ext\php_php_pdo_sqlsrv_7_ts_x64.dll.dll (The specified module could not be found.)) in Unknown on line 0
[25-Apr-2023 02:40:09 UTC] PHP Warning:  PHP Startup: Unable to load dynamic library 'php_pdo_sqlsrv_7_ts_x86.dll' (tried: C:\Program Files\php\php-7.4.33\ext\php_pdo_sqlsrv_7_ts_x86.dll (%1 is not a valid Win32 application.), C:\Program Files\php\php-7.4.33\ext\php_php_pdo_sqlsrv_7_ts_x86.dll.dll (The specified module could not be found.)) in Unknown on line 0
[25-Apr-2023 02:40:09 UTC] PHP Warning:  PHP Startup: Unable to load dynamic library 'php_sqlsrv_7_nts_x64.dll' (tried: C:\Program Files\php\php-7.4.33\ext\php_sqlsrv_7_nts_x64.dll (The specified procedure could not be found.), C:\Program Files\php\php-7.4.33\ext\php_php_sqlsrv_7_nts_x64.dll.dll (The specified module could not be found.)) in Unknown on line 0
[25-Apr-2023 02:40:09 UTC] PHP Warning:  PHP Startup: Unable to load dynamic library 'php_sqlsrv_7_nts_x86.dll' (tried: C:\Program Files\php\php-7.4.33\ext\php_sqlsrv_7_nts_x86.dll (%1 is not a valid Win32 application.), C:\Program Files\php\php-7.4.33\ext\php_php_sqlsrv_7_nts_x86.dll.dll (The specified module could not be found.)) in Unknown on line 0
[25-Apr-2023 02:40:09 UTC] PHP Warning:  PHP Startup: Unable to load dynamic library 'php_sqlsrv_7_ts_x64.dll' (tried: C:\Program Files\php\php-7.4.33\ext\php_sqlsrv_7_ts_x64.dll (The specified module could not be found.), C:\Program Files\php\php-7.4.33\ext\php_php_sqlsrv_7_ts_x64.dll.dll (The specified module could not be found.)) in Unknown on line 0
[25-Apr-2023 02:40:09 UTC] PHP Warning:  PHP Startup: Unable to load dynamic library 'php_sqlsrv_7_ts_x86.dll' (tried: C:\Program Files\php\php-7.4.33\ext\php_sqlsrv_7_ts_x86.dll (%1 is not a valid Win32 application.), C:\Program Files\php\php-7.4.33\ext\php_php_sqlsrv_7_ts_x86.dll.dll (The specified module could not be found.)) in Unknown on line 0
[25-Apr-2023 03:40:09 Europe/Dublin] PHP Deprecated:  Directive 'track_errors' is deprecated in Unknown on line 0
[25-Apr-2023 03:07:18 UTC] PHP Warning:  PHP Startup: Unable to load dynamic library 'php_pdo_sqlsrv_7_nts_x64.dll' (tried: C:\Program Files\php\php-7.4.33\ext\php_pdo_sqlsrv_7_nts_x64.dll (The specified procedure could not be found.), C:\Program Files\php\php-7.4.33\ext\php_php_pdo_sqlsrv_7_nts_x64.dll.dll (The specified module could not be found.)) in Unknown on line 0
[25-Apr-2023 03:07:18 UTC] PHP Warning:  PHP Startup: Unable to load dynamic library 'php_pdo_sqlsrv_7_nts_x86.dll' (tried: C:\Program Files\php\php-7.4.33\ext\php_pdo_sqlsrv_7_nts_x86.dll (%1 is not a valid Win32 application.), C:\Program Files\php\php-7.4.33\ext\php_php_pdo_sqlsrv_7_nts_x86.dll.dll (The specified module could not be found.)) in Unknown on line 0
[25-Apr-2023 03:07:18 UTC] PHP Warning:  PHP Startup: Unable to load dynamic library 'php_pdo_sqlsrv_7_ts_x64.dll' (tried: C:\Program Files\php\php-7.4.33\ext\php_pdo_sqlsrv_7_ts_x64.dll (The specified module could not be found.), C:\Program Files\php\php-7.4.33\ext\php_php_pdo_sqlsrv_7_ts_x64.dll.dll (The specified module could not be found.)) in Unknown on line 0
[25-Apr-2023 03:07:18 UTC] PHP Warning:  PHP Startup: Unable to load dynamic library 'php_pdo_sqlsrv_7_ts_x86.dll' (tried: C:\Program Files\php\php-7.4.33\ext\php_pdo_sqlsrv_7_ts_x86.dll (%1 is not a valid Win32 application.), C:\Program Files\php\php-7.4.33\ext\php_php_pdo_sqlsrv_7_ts_x86.dll.dll (The specified module could not be found.)) in Unknown on line 0
[25-Apr-2023 03:07:18 UTC] PHP Warning:  PHP Startup: Unable to load dynamic library 'php_sqlsrv_7_nts_x64.dll' (tried: C:\Program Files\php\php-7.4.33\ext\php_sqlsrv_7_nts_x64.dll (The specified procedure could not be found.), C:\Program Files\php\php-7.4.33\ext\php_php_sqlsrv_7_nts_x64.dll.dll (The specified module could not be found.)) in Unknown on line 0
[25-Apr-2023 03:07:18 UTC] PHP Warning:  PHP Startup: Unable to load dynamic library 'php_sqlsrv_7_nts_x86.dll' (tried: C:\Program Files\php\php-7.4.33\ext\php_sqlsrv_7_nts_x86.dll (%1 is not a valid Win32 application.), C:\Program Files\php\php-7.4.33\ext\php_php_sqlsrv_7_nts_x86.dll.dll (The specified module could not be found.)) in Unknown on line 0
[25-Apr-2023 03:07:18 UTC] PHP Warning:  PHP Startup: Unable to load dynamic library 'php_sqlsrv_7_ts_x64.dll' (tried: C:\Program Files\php\php-7.4.33\ext\php_sqlsrv_7_ts_x64.dll (The specified module could not be found.), C:\Program Files\php\php-7.4.33\ext\php_php_sqlsrv_7_ts_x64.dll.dll (The specified module could not be found.)) in Unknown on line 0
[25-Apr-2023 03:07:18 UTC] PHP Warning:  PHP Startup: Unable to load dynamic library 'php_sqlsrv_7_ts_x86.dll' (tried: C:\Program Files\php\php-7.4.33\ext\php_sqlsrv_7_ts_x86.dll (%1 is not a valid Win32 application.), C:\Program Files\php\php-7.4.33\ext\php_php_sqlsrv_7_ts_x86.dll.dll (The specified module could not be found.)) in Unknown on line 0
[25-Apr-2023 04:07:18 Europe/Dublin] PHP Deprecated:  Directive 'track_errors' is deprecated in Unknown on line 0
[25-Apr-2023 03:32:57 UTC] PHP Warning:  PHP Startup: Unable to load dynamic library 'php_pdo_sqlsrv_7_nts_x64.dll' (tried: C:\Program Files\php\php-7.4.33\ext\php_pdo_sqlsrv_7_nts_x64.dll (The specified procedure could not be found.), C:\Program Files\php\php-7.4.33\ext\php_php_pdo_sqlsrv_7_nts_x64.dll.dll (The specified module could not be found.)) in Unknown on line 0
[25-Apr-2023 03:32:57 UTC] PHP Warning:  PHP Startup: Unable to load dynamic library 'php_pdo_sqlsrv_7_nts_x86.dll' (tried: C:\Program Files\php\php-7.4.33\ext\php_pdo_sqlsrv_7_nts_x86.dll (%1 is not a valid Win32 application.), C:\Program Files\php\php-7.4.33\ext\php_php_pdo_sqlsrv_7_nts_x86.dll.dll (The specified module could not be found.)) in Unknown on line 0
[25-Apr-2023 03:32:57 UTC] PHP Warning:  PHP Startup: Unable to load dynamic library 'php_pdo_sqlsrv_7_ts_x64.dll' (tried: C:\Program Files\php\php-7.4.33\ext\php_pdo_sqlsrv_7_ts_x64.dll (The specified module could not be found.), C:\Program Files\php\php-7.4.33\ext\php_php_pdo_sqlsrv_7_ts_x64.dll.dll (The specified module could not be found.)) in Unknown on line 0
[25-Apr-2023 03:32:57 UTC] PHP Warning:  PHP Startup: Unable to load dynamic library 'php_pdo_sqlsrv_7_ts_x86.dll' (tried: C:\Program Files\php\php-7.4.33\ext\php_pdo_sqlsrv_7_ts_x86.dll (%1 is not a valid Win32 application.), C:\Program Files\php\php-7.4.33\ext\php_php_pdo_sqlsrv_7_ts_x86.dll.dll (The specified module could not be found.)) in Unknown on line 0
[25-Apr-2023 03:32:57 UTC] PHP Warning:  PHP Startup: Unable to load dynamic library 'php_sqlsrv_7_nts_x64.dll' (tried: C:\Program Files\php\php-7.4.33\ext\php_sqlsrv_7_nts_x64.dll (The specified procedure could not be found.), C:\Program Files\php\php-7.4.33\ext\php_php_sqlsrv_7_nts_x64.dll.dll (The specified module could not be found.)) in Unknown on line 0
[25-Apr-2023 03:32:57 UTC] PHP Warning:  PHP Startup: Unable to load dynamic library 'php_sqlsrv_7_nts_x86.dll' (tried: C:\Program Files\php\php-7.4.33\ext\php_sqlsrv_7_nts_x86.dll (%1 is not a valid Win32 application.), C:\Program Files\php\php-7.4.33\ext\php_php_sqlsrv_7_nts_x86.dll.dll (The specified module could not be found.)) in Unknown on line 0
[25-Apr-2023 03:32:57 UTC] PHP Warning:  PHP Startup: Unable to load dynamic library 'php_sqlsrv_7_ts_x64.dll' (tried: C:\Program Files\php\php-7.4.33\ext\php_sqlsrv_7_ts_x64.dll (The specified module could not be found.), C:\Program Files\php\php-7.4.33\ext\php_php_sqlsrv_7_ts_x64.dll.dll (The specified module could not be found.)) in Unknown on line 0
[25-Apr-2023 03:32:57 UTC] PHP Warning:  PHP Startup: Unable to load dynamic library 'php_sqlsrv_7_ts_x86.dll' (tried: C:\Program Files\php\php-7.4.33\ext\php_sqlsrv_7_ts_x86.dll (%1 is not a valid Win32 application.), C:\Program Files\php\php-7.4.33\ext\php_php_sqlsrv_7_ts_x86.dll.dll (The specified module could not be found.)) in Unknown on line 0
[25-Apr-2023 04:32:57 Europe/Dublin] PHP Deprecated:  Directive 'track_errors' is deprecated in Unknown on line 0
[25-Apr-2023 03:33:02 UTC] PHP Warning:  PHP Startup: Unable to load dynamic library 'php_pdo_sqlsrv_7_nts_x64.dll' (tried: C:\Program Files\php\php-7.4.33\ext\php_pdo_sqlsrv_7_nts_x64.dll (The specified procedure could not be found.), C:\Program Files\php\php-7.4.33\ext\php_php_pdo_sqlsrv_7_nts_x64.dll.dll (The specified module could not be found.)) in Unknown on line 0
[25-Apr-2023 03:33:02 UTC] PHP Warning:  PHP Startup: Unable to load dynamic library 'php_pdo_sqlsrv_7_nts_x86.dll' (tried: C:\Program Files\php\php-7.4.33\ext\php_pdo_sqlsrv_7_nts_x86.dll (%1 is not a valid Win32 application.), C:\Program Files\php\php-7.4.33\ext\php_php_pdo_sqlsrv_7_nts_x86.dll.dll (The specified module could not be found.)) in Unknown on line 0
[25-Apr-2023 03:33:02 UTC] PHP Warning:  PHP Startup: Unable to load dynamic library 'php_pdo_sqlsrv_7_ts_x64.dll' (tried: C:\Program Files\php\php-7.4.33\ext\php_pdo_sqlsrv_7_ts_x64.dll (The specified module could not be found.), C:\Program Files\php\php-7.4.33\ext\php_php_pdo_sqlsrv_7_ts_x64.dll.dll (The specified module could not be found.)) in Unknown on line 0
[25-Apr-2023 03:33:02 UTC] PHP Warning:  PHP Startup: Unable to load dynamic library 'php_pdo_sqlsrv_7_ts_x86.dll' (tried: C:\Program Files\php\php-7.4.33\ext\php_pdo_sqlsrv_7_ts_x86.dll (%1 is not a valid Win32 application.), C:\Program Files\php\php-7.4.33\ext\php_php_pdo_sqlsrv_7_ts_x86.dll.dll (The specified module could not be found.)) in Unknown on line 0
[25-Apr-2023 03:33:02 UTC] PHP Warning:  PHP Startup: Unable to load dynamic library 'php_sqlsrv_7_nts_x64.dll' (tried: C:\Program Files\php\php-7.4.33\ext\php_sqlsrv_7_nts_x64.dll (The specified procedure could not be found.), C:\Program Files\php\php-7.4.33\ext\php_php_sqlsrv_7_nts_x64.dll.dll (The specified module could not be found.)) in Unknown on line 0
[25-Apr-2023 03:33:02 UTC] PHP Warning:  PHP Startup: Unable to load dynamic library 'php_sqlsrv_7_nts_x86.dll' (tried: C:\Program Files\php\php-7.4.33\ext\php_sqlsrv_7_nts_x86.dll (%1 is not a valid Win32 application.), C:\Program Files\php\php-7.4.33\ext\php_php_sqlsrv_7_nts_x86.dll.dll (The specified module could not be found.)) in Unknown on line 0
[25-Apr-2023 03:33:02 UTC] PHP Warning:  PHP Startup: Unable to load dynamic library 'php_sqlsrv_7_ts_x64.dll' (tried: C:\Program Files\php\php-7.4.33\ext\php_sqlsrv_7_ts_x64.dll (The specified module could not be found.), C:\Program Files\php\php-7.4.33\ext\php_php_sqlsrv_7_ts_x64.dll.dll (The specified module could not be found.)) in Unknown on line 0
[25-Apr-2023 03:33:02 UTC] PHP Warning:  PHP Startup: Unable to load dynamic library 'php_sqlsrv_7_ts_x86.dll' (tried: C:\Program Files\php\php-7.4.33\ext\php_sqlsrv_7_ts_x86.dll (%1 is not a valid Win32 application.), C:\Program Files\php\php-7.4.33\ext\php_php_sqlsrv_7_ts_x86.dll.dll (The specified module could not be found.)) in Unknown on line 0
[25-Apr-2023 04:33:02 Europe/Dublin] PHP Deprecated:  Directive 'track_errors' is deprecated in Unknown on line 0
[25-Apr-2023 05:25:53 UTC] PHP Warning:  PHP Startup: Unable to load dynamic library 'php_pdo_sqlsrv_7_nts_x64.dll' (tried: C:\Program Files\php\php-7.4.33\ext\php_pdo_sqlsrv_7_nts_x64.dll (The specified procedure could not be found.), C:\Program Files\php\php-7.4.33\ext\php_php_pdo_sqlsrv_7_nts_x64.dll.dll (The specified module could not be found.)) in Unknown on line 0
[25-Apr-2023 05:25:53 UTC] PHP Warning:  PHP Startup: Unable to load dynamic library 'php_pdo_sqlsrv_7_nts_x86.dll' (tried: C:\Program Files\php\php-7.4.33\ext\php_pdo_sqlsrv_7_nts_x86.dll (%1 is not a valid Win32 application.), C:\Program Files\php\php-7.4.33\ext\php_php_pdo_sqlsrv_7_nts_x86.dll.dll (The specified module could not be found.)) in Unknown on line 0
[25-Apr-2023 05:25:53 UTC] PHP Warning:  PHP Startup: Unable to load dynamic library 'php_pdo_sqlsrv_7_ts_x64.dll' (tried: C:\Program Files\php\php-7.4.33\ext\php_pdo_sqlsrv_7_ts_x64.dll (The specified module could not be found.), C:\Program Files\php\php-7.4.33\ext\php_php_pdo_sqlsrv_7_ts_x64.dll.dll (The specified module could not be found.)) in Unknown on line 0
[25-Apr-2023 05:25:53 UTC] PHP Warning:  PHP Startup: Unable to load dynamic library 'php_pdo_sqlsrv_7_ts_x86.dll' (tried: C:\Program Files\php\php-7.4.33\ext\php_pdo_sqlsrv_7_ts_x86.dll (%1 is not a valid Win32 application.), C:\Program Files\php\php-7.4.33\ext\php_php_pdo_sqlsrv_7_ts_x86.dll.dll (The specified module could not be found.)) in Unknown on line 0
[25-Apr-2023 05:25:53 UTC] PHP Warning:  PHP Startup: Unable to load dynamic library 'php_sqlsrv_7_nts_x64.dll' (tried: C:\Program Files\php\php-7.4.33\ext\php_sqlsrv_7_nts_x64.dll (The specified procedure could not be found.), C:\Program Files\php\php-7.4.33\ext\php_php_sqlsrv_7_nts_x64.dll.dll (The specified module could not be found.)) in Unknown on line 0
[25-Apr-2023 05:25:53 UTC] PHP Warning:  PHP Startup: Unable to load dynamic library 'php_sqlsrv_7_nts_x86.dll' (tried: C:\Program Files\php\php-7.4.33\ext\php_sqlsrv_7_nts_x86.dll (%1 is not a valid Win32 application.), C:\Program Files\php\php-7.4.33\ext\php_php_sqlsrv_7_nts_x86.dll.dll (The specified module could not be found.)) in Unknown on line 0
[25-Apr-2023 05:25:53 UTC] PHP Warning:  PHP Startup: Unable to load dynamic library 'php_sqlsrv_7_ts_x64.dll' (tried: C:\Program Files\php\php-7.4.33\ext\php_sqlsrv_7_ts_x64.dll (The specified module could not be found.), C:\Program Files\php\php-7.4.33\ext\php_php_sqlsrv_7_ts_x64.dll.dll (The specified module could not be found.)) in Unknown on line 0
[25-Apr-2023 05:25:53 UTC] PHP Warning:  PHP Startup: Unable to load dynamic library 'php_sqlsrv_7_ts_x86.dll' (tried: C:\Program Files\php\php-7.4.33\ext\php_sqlsrv_7_ts_x86.dll (%1 is not a valid Win32 application.), C:\Program Files\php\php-7.4.33\ext\php_php_sqlsrv_7_ts_x86.dll.dll (The specified module could not be found.)) in Unknown on line 0
[25-Apr-2023 06:25:53 Europe/Dublin] PHP Deprecated:  Directive 'track_errors' is deprecated in Unknown on line 0
[25-Apr-2023 05:25:57 UTC] PHP Warning:  PHP Startup: Unable to load dynamic library 'php_pdo_sqlsrv_7_nts_x64.dll' (tried: C:\Program Files\php\php-7.4.33\ext\php_pdo_sqlsrv_7_nts_x64.dll (The specified procedure could not be found.), C:\Program Files\php\php-7.4.33\ext\php_php_pdo_sqlsrv_7_nts_x64.dll.dll (The specified module could not be found.)) in Unknown on line 0
[25-Apr-2023 05:25:57 UTC] PHP Warning:  PHP Startup: Unable to load dynamic library 'php_pdo_sqlsrv_7_nts_x86.dll' (tried: C:\Program Files\php\php-7.4.33\ext\php_pdo_sqlsrv_7_nts_x86.dll (%1 is not a valid Win32 application.), C:\Program Files\php\php-7.4.33\ext\php_php_pdo_sqlsrv_7_nts_x86.dll.dll (The specified module could not be found.)) in Unknown on line 0
[25-Apr-2023 05:25:57 UTC] PHP Warning:  PHP Startup: Unable to load dynamic library 'php_pdo_sqlsrv_7_ts_x64.dll' (tried: C:\Program Files\php\php-7.4.33\ext\php_pdo_sqlsrv_7_ts_x64.dll (The specified module could not be found.), C:\Program Files\php\php-7.4.33\ext\php_php_pdo_sqlsrv_7_ts_x64.dll.dll (The specified module could not be found.)) in Unknown on line 0
[25-Apr-2023 05:25:57 UTC] PHP Warning:  PHP Startup: Unable to load dynamic library 'php_pdo_sqlsrv_7_ts_x86.dll' (tried: C:\Program Files\php\php-7.4.33\ext\php_pdo_sqlsrv_7_ts_x86.dll (%1 is not a valid Win32 application.), C:\Program Files\php\php-7.4.33\ext\php_php_pdo_sqlsrv_7_ts_x86.dll.dll (The specified module could not be found.)) in Unknown on line 0
[25-Apr-2023 05:25:57 UTC] PHP Warning:  PHP Startup: Unable to load dynamic library 'php_sqlsrv_7_nts_x64.dll' (tried: C:\Program Files\php\php-7.4.33\ext\php_sqlsrv_7_nts_x64.dll (The specified procedure could not be found.), C:\Program Files\php\php-7.4.33\ext\php_php_sqlsrv_7_nts_x64.dll.dll (The specified module could not be found.)) in Unknown on line 0
[25-Apr-2023 05:25:57 UTC] PHP Warning:  PHP Startup: Unable to load dynamic library 'php_sqlsrv_7_nts_x86.dll' (tried: C:\Program Files\php\php-7.4.33\ext\php_sqlsrv_7_nts_x86.dll (%1 is not a valid Win32 application.), C:\Program Files\php\php-7.4.33\ext\php_php_sqlsrv_7_nts_x86.dll.dll (The specified module could not be found.)) in Unknown on line 0
[25-Apr-2023 05:25:57 UTC] PHP Warning:  PHP Startup: Unable to load dynamic library 'php_sqlsrv_7_ts_x64.dll' (tried: C:\Program Files\php\php-7.4.33\ext\php_sqlsrv_7_ts_x64.dll (The specified module could not be found.), C:\Program Files\php\php-7.4.33\ext\php_php_sqlsrv_7_ts_x64.dll.dll (The specified module could not be found.)) in Unknown on line 0
[25-Apr-2023 05:25:57 UTC] PHP Warning:  PHP Startup: Unable to load dynamic library 'php_sqlsrv_7_ts_x86.dll' (tried: C:\Program Files\php\php-7.4.33\ext\php_sqlsrv_7_ts_x86.dll (%1 is not a valid Win32 application.), C:\Program Files\php\php-7.4.33\ext\php_php_sqlsrv_7_ts_x86.dll.dll (The specified module could not be found.)) in Unknown on line 0
[25-Apr-2023 06:25:57 Europe/Dublin] PHP Deprecated:  Directive 'track_errors' is deprecated in Unknown on line 0
[25-Apr-2023 05:46:23 UTC] PHP Warning:  PHP Startup: Unable to load dynamic library 'php_pdo_sqlsrv_7_nts_x64.dll' (tried: C:\Program Files\php\php-7.4.33\ext\php_pdo_sqlsrv_7_nts_x64.dll (The specified procedure could not be found.), C:\Program Files\php\php-7.4.33\ext\php_php_pdo_sqlsrv_7_nts_x64.dll.dll (The specified module could not be found.)) in Unknown on line 0
[25-Apr-2023 05:46:23 UTC] PHP Warning:  PHP Startup: Unable to load dynamic library 'php_pdo_sqlsrv_7_nts_x86.dll' (tried: C:\Program Files\php\php-7.4.33\ext\php_pdo_sqlsrv_7_nts_x86.dll (%1 is not a valid Win32 application.), C:\Program Files\php\php-7.4.33\ext\php_php_pdo_sqlsrv_7_nts_x86.dll.dll (The specified module could not be found.)) in Unknown on line 0
[25-Apr-2023 05:46:23 UTC] PHP Warning:  PHP Startup: Unable to load dynamic library 'php_pdo_sqlsrv_7_ts_x64.dll' (tried: C:\Program Files\php\php-7.4.33\ext\php_pdo_sqlsrv_7_ts_x64.dll (The specified module could not be found.), C:\Program Files\php\php-7.4.33\ext\php_php_pdo_sqlsrv_7_ts_x64.dll.dll (The specified module could not be found.)) in Unknown on line 0
[25-Apr-2023 05:46:23 UTC] PHP Warning:  PHP Startup: Unable to load dynamic library 'php_pdo_sqlsrv_7_ts_x86.dll' (tried: C:\Program Files\php\php-7.4.33\ext\php_pdo_sqlsrv_7_ts_x86.dll (%1 is not a valid Win32 application.), C:\Program Files\php\php-7.4.33\ext\php_php_pdo_sqlsrv_7_ts_x86.dll.dll (The specified module could not be found.)) in Unknown on line 0
[25-Apr-2023 05:46:23 UTC] PHP Warning:  PHP Startup: Unable to load dynamic library 'php_sqlsrv_7_nts_x64.dll' (tried: C:\Program Files\php\php-7.4.33\ext\php_sqlsrv_7_nts_x64.dll (The specified procedure could not be found.), C:\Program Files\php\php-7.4.33\ext\php_php_sqlsrv_7_nts_x64.dll.dll (The specified module could not be found.)) in Unknown on line 0
[25-Apr-2023 05:46:23 UTC] PHP Warning:  PHP Startup: Unable to load dynamic library 'php_sqlsrv_7_nts_x86.dll' (tried: C:\Program Files\php\php-7.4.33\ext\php_sqlsrv_7_nts_x86.dll (%1 is not a valid Win32 application.), C:\Program Files\php\php-7.4.33\ext\php_php_sqlsrv_7_nts_x86.dll.dll (The specified module could not be found.)) in Unknown on line 0
[25-Apr-2023 05:46:23 UTC] PHP Warning:  PHP Startup: Unable to load dynamic library 'php_sqlsrv_7_ts_x64.dll' (tried: C:\Program Files\php\php-7.4.33\ext\php_sqlsrv_7_ts_x64.dll (The specified module could not be found.), C:\Program Files\php\php-7.4.33\ext\php_php_sqlsrv_7_ts_x64.dll.dll (The specified module could not be found.)) in Unknown on line 0
[25-Apr-2023 05:46:23 UTC] PHP Warning:  PHP Startup: Unable to load dynamic library 'php_sqlsrv_7_ts_x86.dll' (tried: C:\Program Files\php\php-7.4.33\ext\php_sqlsrv_7_ts_x86.dll (%1 is not a valid Win32 application.), C:\Program Files\php\php-7.4.33\ext\php_php_sqlsrv_7_ts_x86.dll.dll (The specified module could not be found.)) in Unknown on line 0
[25-Apr-2023 06:46:24 Europe/Dublin] PHP Deprecated:  Directive 'track_errors' is deprecated in Unknown on line 0
